0 verbose cli /usr/local/bin/node /usr/local/bin/npm
1 info using npm@10.7.0
2 info using node@v18.20.4
3 silly config:load:file:/usr/local/lib/node_modules/npm/npmrc
4 silly config:load:file:/Users/mathapelomolefe/Downloads/rork-vibesync-458/.npmrc
5 silly config:load:file:/Users/mathapelomolefe/.npmrc
6 silly config:load:file:/usr/local/etc/npmrc
7 verbose title npm install
8 verbose argv "install"
9 verbose logfile logs-max:10 dir:/Users/mathapelomolefe/Downloads/rork-vibesync-458/npm-cache/_logs/2025-10-17T18_00_47_787Z-
10 verbose logfile /Users/mathapelomolefe/Downloads/rork-vibesync-458/npm-cache/_logs/2025-10-17T18_00_47_787Z-debug-0.log
11 silly logfile start cleaning logs, removing 1 files
12 silly logfile done cleaning log files
13 silly idealTree buildDeps
14 silly fetch manifest react@19.0.0
15 http fetch GET 200 https://registry.npmjs.org/react 152ms (cache hit)
16 silly fetch manifest react-dom@19.0.0
17 http fetch GET 200 https://registry.npmjs.org/react-dom 13ms (cache hit)
18 silly placeDep ROOT react@19.0.0 REPLACE for: expo-app@1.0.0 want: 19.0.0
19 warn ERESOLVE overriding peer dependency {
19 warn ERESOLVE   code: 'ERESOLVE',
19 warn ERESOLVE   edge: {
19 warn ERESOLVE     type: 'peer',
19 warn ERESOLVE     name: 'react',
19 warn ERESOLVE     spec: '^18.2.0',
19 warn ERESOLVE     from: {
19 warn ERESOLVE       name: 'react-dom',
19 warn ERESOLVE       version: '18.2.0',
19 warn ERESOLVE       location: 'node_modules/react-dom',
19 warn ERESOLVE       isWorkspace: false,
19 warn ERESOLVE       dependents: [Array]
19 warn ERESOLVE     }
19 warn ERESOLVE   },
19 warn ERESOLVE   dep: {
19 warn ERESOLVE     name: 'react',
19 warn ERESOLVE     version: '19.0.0',
19 warn ERESOLVE     whileInstalling: {
19 warn ERESOLVE       name: 'expo-app',
19 warn ERESOLVE       version: '1.0.0',
19 warn ERESOLVE       path: '/Users/mathapelomolefe/Downloads/rork-vibesync-458'
19 warn ERESOLVE     },
19 warn ERESOLVE     location: 'node_modules/react',
19 warn ERESOLVE     isWorkspace: false,
19 warn ERESOLVE     dependents: [ [Object] ]
19 warn ERESOLVE   },
19 warn ERESOLVE   force: false,
19 warn ERESOLVE   isMine: true,
19 warn ERESOLVE   strictPeerDeps: false,
19 warn ERESOLVE   current: {
19 warn ERESOLVE     name: 'react',
19 warn ERESOLVE     version: '18.2.0',
19 warn ERESOLVE     location: 'node_modules/react',
19 warn ERESOLVE     isWorkspace: false,
19 warn ERESOLVE     dependents: [
19 warn ERESOLVE       [Object], [Object], [Object], [Object],
19 warn ERESOLVE       [Object], [Object], [Object], [Object],
19 warn ERESOLVE       [Object], [Object], [Object], [Object],
19 warn ERESOLVE       [Object], [Object], [Object], [Object],
19 warn ERESOLVE       [Object], [Object], [Object], [Object],
19 warn ERESOLVE       [Object], [Object], [Object], [Object],
19 warn ERESOLVE       [Object], [Object], [Object], [Object],
19 warn ERESOLVE       [Object], [Object], [Object], [Object],
19 warn ERESOLVE       [Object], [Object], [Object], [Object],
19 warn ERESOLVE       [Object], [Object], [Object], [Object],
19 warn ERESOLVE       [Object], [Object], [Object], [Object],
19 warn ERESOLVE       [Object], [Object], [Object]
19 warn ERESOLVE     ]
19 warn ERESOLVE   }
19 warn ERESOLVE }
20 warn ERESOLVE overriding peer dependency {
20 warn ERESOLVE   code: 'ERESOLVE',
20 warn ERESOLVE   edge: {
20 warn ERESOLVE     type: 'peer',
20 warn ERESOLVE     name: 'react',
20 warn ERESOLVE     spec: '^18.2.0',
20 warn ERESOLVE     from: {
20 warn ERESOLVE       name: 'react-dom',
20 warn ERESOLVE       version: '18.2.0',
20 warn ERESOLVE       location: 'node_modules/react-dom',
20 warn ERESOLVE       isWorkspace: false,
20 warn ERESOLVE       dependents: [Array]
20 warn ERESOLVE     }
20 warn ERESOLVE   },
20 warn ERESOLVE   dep: {
20 warn ERESOLVE     name: 'react',
20 warn ERESOLVE     version: '19.0.0',
20 warn ERESOLVE     whileInstalling: {
20 warn ERESOLVE       name: 'expo-app',
20 warn ERESOLVE       version: '1.0.0',
20 warn ERESOLVE       path: '/Users/mathapelomolefe/Downloads/rork-vibesync-458'
20 warn ERESOLVE     },
20 warn ERESOLVE     location: 'node_modules/react',
20 warn ERESOLVE     isWorkspace: false,
20 warn ERESOLVE     dependents: [ [Object] ]
20 warn ERESOLVE   },
20 warn ERESOLVE   force: false,
20 warn ERESOLVE   isMine: true,
20 warn ERESOLVE   strictPeerDeps: false,
20 warn ERESOLVE   current: {
20 warn ERESOLVE     name: 'react',
20 warn ERESOLVE     version: '18.2.0',
20 warn ERESOLVE     location: 'node_modules/react',
20 warn ERESOLVE     isWorkspace: false,
20 warn ERESOLVE     dependents: [
20 warn ERESOLVE       [Object], [Object], [Object], [Object],
20 warn ERESOLVE       [Object], [Object], [Object], [Object],
20 warn ERESOLVE       [Object], [Object], [Object], [Object],
20 warn ERESOLVE       [Object], [Object], [Object], [Object],
20 warn ERESOLVE       [Object], [Object], [Object], [Object],
20 warn ERESOLVE       [Object], [Object], [Object], [Object],
20 warn ERESOLVE       [Object], [Object], [Object], [Object],
20 warn ERESOLVE       [Object], [Object], [Object], [Object],
20 warn ERESOLVE       [Object], [Object], [Object], [Object],
20 warn ERESOLVE       [Object], [Object], [Object], [Object],
20 warn ERESOLVE       [Object], [Object], [Object], [Object],
20 warn ERESOLVE       [Object], [Object], [Object]
20 warn ERESOLVE     ]
20 warn ERESOLVE   }
20 warn ERESOLVE }
21 warn ERESOLVE overriding peer dependency {
21 warn ERESOLVE   code: 'ERESOLVE',
21 warn ERESOLVE   edge: {
21 warn ERESOLVE     type: 'peer',
21 warn ERESOLVE     name: 'react',
21 warn ERESOLVE     spec: '^18.2.0',
21 warn ERESOLVE     from: {
21 warn ERESOLVE       name: 'react-dom',
21 warn ERESOLVE       version: '18.2.0',
21 warn ERESOLVE       location: 'node_modules/react-dom',
21 warn ERESOLVE       isWorkspace: false,
21 warn ERESOLVE       dependents: [Array]
21 warn ERESOLVE     }
21 warn ERESOLVE   },
21 warn ERESOLVE   dep: {
21 warn ERESOLVE     name: 'react',
21 warn ERESOLVE     version: '19.0.0',
21 warn ERESOLVE     whileInstalling: {
21 warn ERESOLVE       name: 'expo-app',
21 warn ERESOLVE       version: '1.0.0',
21 warn ERESOLVE       path: '/Users/mathapelomolefe/Downloads/rork-vibesync-458'
21 warn ERESOLVE     },
21 warn ERESOLVE     location: 'node_modules/react',
21 warn ERESOLVE     isWorkspace: false,
21 warn ERESOLVE     dependents: [ [Object] ]
21 warn ERESOLVE   },
21 warn ERESOLVE   force: false,
21 warn ERESOLVE   isMine: true,
21 warn ERESOLVE   strictPeerDeps: false,
21 warn ERESOLVE   current: {
21 warn ERESOLVE     name: 'react',
21 warn ERESOLVE     version: '18.2.0',
21 warn ERESOLVE     location: 'node_modules/react',
21 warn ERESOLVE     isWorkspace: false,
21 warn ERESOLVE     dependents: [
21 warn ERESOLVE       [Object], [Object], [Object], [Object],
21 warn ERESOLVE       [Object], [Object], [Object], [Object],
21 warn ERESOLVE       [Object], [Object], [Object], [Object],
21 warn ERESOLVE       [Object], [Object], [Object], [Object],
21 warn ERESOLVE       [Object], [Object], [Object], [Object],
21 warn ERESOLVE       [Object], [Object], [Object], [Object],
21 warn ERESOLVE       [Object], [Object], [Object], [Object],
21 warn ERESOLVE       [Object], [Object], [Object], [Object],
21 warn ERESOLVE       [Object], [Object], [Object], [Object],
21 warn ERESOLVE       [Object], [Object], [Object], [Object],
21 warn ERESOLVE       [Object], [Object], [Object], [Object],
21 warn ERESOLVE       [Object], [Object], [Object]
21 warn ERESOLVE     ]
21 warn ERESOLVE   }
21 warn ERESOLVE }
22 warn ERESOLVE overriding peer dependency {
22 warn ERESOLVE   code: 'ERESOLVE',
22 warn ERESOLVE   edge: {
22 warn ERESOLVE     type: 'peer',
22 warn ERESOLVE     name: 'react',
22 warn ERESOLVE     spec: '^18.2.0',
22 warn ERESOLVE     from: {
22 warn ERESOLVE       name: 'react-dom',
22 warn ERESOLVE       version: '18.2.0',
22 warn ERESOLVE       location: 'node_modules/react-dom',
22 warn ERESOLVE       isWorkspace: false,
22 warn ERESOLVE       dependents: [Array]
22 warn ERESOLVE     }
22 warn ERESOLVE   },
22 warn ERESOLVE   dep: {
22 warn ERESOLVE     name: 'react',
22 warn ERESOLVE     version: '19.0.0',
22 warn ERESOLVE     whileInstalling: {
22 warn ERESOLVE       name: 'expo-app',
22 warn ERESOLVE       version: '1.0.0',
22 warn ERESOLVE       path: '/Users/mathapelomolefe/Downloads/rork-vibesync-458'
22 warn ERESOLVE     },
22 warn ERESOLVE     location: 'node_modules/react',
22 warn ERESOLVE     isWorkspace: false,
22 warn ERESOLVE     dependents: [ [Object] ]
22 warn ERESOLVE   },
22 warn ERESOLVE   force: false,
22 warn ERESOLVE   isMine: true,
22 warn ERESOLVE   strictPeerDeps: false,
22 warn ERESOLVE   current: {
22 warn ERESOLVE     name: 'react',
22 warn ERESOLVE     version: '18.2.0',
22 warn ERESOLVE     location: 'node_modules/react',
22 warn ERESOLVE     isWorkspace: false,
22 warn ERESOLVE     dependents: [
22 warn ERESOLVE       [Object], [Object], [Object], [Object],
22 warn ERESOLVE       [Object], [Object], [Object], [Object],
22 warn ERESOLVE       [Object], [Object], [Object], [Object],
22 warn ERESOLVE       [Object], [Object], [Object], [Object],
22 warn ERESOLVE       [Object], [Object], [Object], [Object],
22 warn ERESOLVE       [Object], [Object], [Object], [Object],
22 warn ERESOLVE       [Object], [Object], [Object], [Object],
22 warn ERESOLVE       [Object], [Object], [Object], [Object],
22 warn ERESOLVE       [Object], [Object], [Object], [Object],
22 warn ERESOLVE       [Object], [Object], [Object], [Object],
22 warn ERESOLVE       [Object], [Object], [Object], [Object],
22 warn ERESOLVE       [Object], [Object], [Object]
22 warn ERESOLVE     ]
22 warn ERESOLVE   }
22 warn ERESOLVE }
23 warn ERESOLVE overriding peer dependency {
23 warn ERESOLVE   code: 'ERESOLVE',
23 warn ERESOLVE   edge: {
23 warn ERESOLVE     type: 'peer',
23 warn ERESOLVE     name: 'react',
23 warn ERESOLVE     spec: '^18.2.0',
23 warn ERESOLVE     from: {
23 warn ERESOLVE       name: 'react-dom',
23 warn ERESOLVE       version: '18.2.0',
23 warn ERESOLVE       location: 'node_modules/react-dom',
23 warn ERESOLVE       isWorkspace: false,
23 warn ERESOLVE       dependents: [Array]
23 warn ERESOLVE     }
23 warn ERESOLVE   },
23 warn ERESOLVE   dep: {
23 warn ERESOLVE     name: 'react',
23 warn ERESOLVE     version: '19.0.0',
23 warn ERESOLVE     whileInstalling: {
23 warn ERESOLVE       name: 'expo-app',
23 warn ERESOLVE       version: '1.0.0',
23 warn ERESOLVE       path: '/Users/mathapelomolefe/Downloads/rork-vibesync-458'
23 warn ERESOLVE     },
23 warn ERESOLVE     location: 'node_modules/react',
23 warn ERESOLVE     isWorkspace: false,
23 warn ERESOLVE     dependents: [ [Object] ]
23 warn ERESOLVE   },
23 warn ERESOLVE   force: false,
23 warn ERESOLVE   isMine: true,
23 warn ERESOLVE   strictPeerDeps: false,
23 warn ERESOLVE   current: {
23 warn ERESOLVE     name: 'react',
23 warn ERESOLVE     version: '18.2.0',
23 warn ERESOLVE     location: 'node_modules/react',
23 warn ERESOLVE     isWorkspace: false,
23 warn ERESOLVE     dependents: [
23 warn ERESOLVE       [Object], [Object], [Object], [Object],
23 warn ERESOLVE       [Object], [Object], [Object], [Object],
23 warn ERESOLVE       [Object], [Object], [Object], [Object],
23 warn ERESOLVE       [Object], [Object], [Object], [Object],
23 warn ERESOLVE       [Object], [Object], [Object], [Object],
23 warn ERESOLVE       [Object], [Object], [Object], [Object],
23 warn ERESOLVE       [Object], [Object], [Object], [Object],
23 warn ERESOLVE       [Object], [Object], [Object], [Object],
23 warn ERESOLVE       [Object], [Object], [Object], [Object],
23 warn ERESOLVE       [Object], [Object], [Object], [Object],
23 warn ERESOLVE       [Object], [Object], [Object], [Object],
23 warn ERESOLVE       [Object], [Object], [Object]
23 warn ERESOLVE     ]
23 warn ERESOLVE   }
23 warn ERESOLVE }
24 warn ERESOLVE overriding peer dependency {
24 warn ERESOLVE   code: 'ERESOLVE',
24 warn ERESOLVE   edge: {
24 warn ERESOLVE     type: 'peer',
24 warn ERESOLVE     name: 'react',
24 warn ERESOLVE     spec: '^18.2.0',
24 warn ERESOLVE     from: {
24 warn ERESOLVE       name: 'react-dom',
24 warn ERESOLVE       version: '18.2.0',
24 warn ERESOLVE       location: 'node_modules/react-dom',
24 warn ERESOLVE       isWorkspace: false,
24 warn ERESOLVE       dependents: [Array]
24 warn ERESOLVE     }
24 warn ERESOLVE   },
24 warn ERESOLVE   dep: {
24 warn ERESOLVE     name: 'react',
24 warn ERESOLVE     version: '19.0.0',
24 warn ERESOLVE     whileInstalling: {
24 warn ERESOLVE       name: 'expo-app',
24 warn ERESOLVE       version: '1.0.0',
24 warn ERESOLVE       path: '/Users/mathapelomolefe/Downloads/rork-vibesync-458'
24 warn ERESOLVE     },
24 warn ERESOLVE     location: 'node_modules/react',
24 warn ERESOLVE     isWorkspace: false,
24 warn ERESOLVE     dependents: [ [Object] ]
24 warn ERESOLVE   },
24 warn ERESOLVE   force: false,
24 warn ERESOLVE   isMine: true,
24 warn ERESOLVE   strictPeerDeps: false,
24 warn ERESOLVE   current: {
24 warn ERESOLVE     name: 'react',
24 warn ERESOLVE     version: '18.2.0',
24 warn ERESOLVE     location: 'node_modules/react',
24 warn ERESOLVE     isWorkspace: false,
24 warn ERESOLVE     dependents: [
24 warn ERESOLVE       [Object], [Object], [Object], [Object],
24 warn ERESOLVE       [Object], [Object], [Object], [Object],
24 warn ERESOLVE       [Object], [Object], [Object], [Object],
24 warn ERESOLVE       [Object], [Object], [Object], [Object],
24 warn ERESOLVE       [Object], [Object], [Object], [Object],
24 warn ERESOLVE       [Object], [Object], [Object], [Object],
24 warn ERESOLVE       [Object], [Object], [Object], [Object],
24 warn ERESOLVE       [Object], [Object], [Object], [Object],
24 warn ERESOLVE       [Object], [Object], [Object], [Object],
24 warn ERESOLVE       [Object], [Object], [Object], [Object],
24 warn ERESOLVE       [Object], [Object], [Object], [Object],
24 warn ERESOLVE       [Object], [Object], [Object]
24 warn ERESOLVE     ]
24 warn ERESOLVE   }
24 warn ERESOLVE }
25 silly placeDep ROOT react-dom@19.0.0 REPLACE for: expo-app@1.0.0 want: 19.0.0
26 silly fetch manifest scheduler@^0.25.0
27 http fetch GET 200 https://registry.npmjs.org/scheduler 11ms (cache hit)
28 silly fetch manifest tailwindcss@>3.3.0
29 http fetch GET 200 https://registry.npmjs.org/tailwindcss 958ms (cache miss)
30 silly placeDep ROOT tailwindcss@4.1.14 OK for: nativewind@4.2.1 want: >3.3.0
31 silly placeDep ROOT scheduler@0.25.0 OK for: react-dom@19.0.0 want: ^0.25.0
32 silly fetch manifest react-native-reanimated@>=3.6.2
33 http fetch GET 200 https://registry.npmjs.org/react-native-reanimated 67ms (cache revalidated)
34 silly fetch manifest @babel/core@^7.0.0-0
35 http fetch GET 200 https://registry.npmjs.org/@babel%2fcore 4ms (cache hit)
36 silly fetch manifest react@>=18
37 silly fetch manifest react-native@*
38 http fetch GET 200 https://registry.npmjs.org/react-native 22ms (cache hit)
39 silly fetch manifest @types/react@^19.1.1
40 http fetch GET 200 https://registry.npmjs.org/@types%2freact 16ms (cache hit)
41 silly fetch manifest react-native-worklets@>=0.5.0
42 http fetch GET 200 https://registry.npmjs.org/react-native-worklets 124ms (cache revalidated)
43 silly fetch manifest tailwindcss@~3
44 silly placeDep ROOT react-native-reanimated@4.1.3 OK for: react-native-css-interop@0.2.1 want: >=3.6.2
45 silly placeDep ROOT react-native-worklets@0.6.1 OK for: react-native-reanimated@4.1.3 want: >=0.5.0
46 silly placeDep ROOT tailwindcss@3.4.18 REPLACE for: react-native-css-interop@0.2.1 want: ~3
47 silly fetch manifest semver@7.7.2
48 silly fetch manifest @babel/plugin-transform-template-literals@^7.0.0-0
49 silly fetch manifest dlv@^1.1.3
50 silly fetch manifest jiti@^1.21.7
51 silly fetch manifest chokidar@^3.6.0
52 silly fetch manifest lilconfig@^3.1.3
53 http fetch GET 200 https://registry.npmjs.org/semver 16ms (cache hit)
54 silly fetch manifest didyoumean@^1.2.2
55 silly fetch manifest postcss-js@^4.0.1
56 http fetch GET 200 https://registry.npmjs.org/@babel%2fplugin-transform-template-literals 118ms (cache miss)
57 silly fetch manifest object-hash@^3.0.0
58 http fetch GET 200 https://registry.npmjs.org/dlv 150ms (cache miss)
59 silly fetch manifest postcss-import@^15.1.0
60 http fetch GET 200 https://registry.npmjs.org/lilconfig 182ms (cache miss)
61 silly fetch manifest postcss-nested@^6.2.0
62 http fetch GET 200 https://registry.npmjs.org/chokidar 186ms (cache miss)
63 silly fetch manifest @alloc/quick-lru@^5.2.0
64 http fetch GET 200 https://registry.npmjs.org/jiti 200ms (cache revalidated)
65 silly fetch manifest postcss-load-config@^4.0.2 || ^5.0 || ^6.0
66 http fetch GET 200 https://registry.npmjs.org/object-hash 90ms (cache miss)
67 silly fetch manifest postcss-selector-parser@^6.1.2
68 http fetch GET 200 https://registry.npmjs.org/postcss-js 202ms (cache miss)
69 http fetch GET 200 https://registry.npmjs.org/postcss-import 87ms (cache miss)
70 http fetch GET 200 https://registry.npmjs.org/postcss-nested 84ms (cache miss)
71 http fetch GET 200 https://registry.npmjs.org/postcss-load-config 83ms (cache miss)
72 http fetch GET 200 https://registry.npmjs.org/postcss-selector-parser 79ms (cache miss)
73 http fetch GET 200 https://registry.npmjs.org/didyoumean 497ms (cache miss)
74 http fetch GET 200 https://registry.npmjs.org/@alloc%2fquick-lru 683ms (cache miss)
75 silly placeDep node_modules/react-native-reanimated semver@7.7.2 OK for: react-native-reanimated@4.1.3 want: 7.7.2
76 silly placeDep ROOT @babel/plugin-transform-template-literals@7.27.1 OK for: react-native-worklets@0.6.1 want: ^7.0.0-0
77 silly placeDep node_modules/react-native-worklets semver@7.7.2 OK for: react-native-worklets@0.6.1 want: 7.7.2
78 silly fetch manifest postcss@^8.4.47
79 http fetch GET 200 https://registry.npmjs.org/postcss 7ms (cache hit)
80 silly fetch manifest tsx@^4.8.1
81 http fetch GET 200 https://registry.npmjs.org/tsx 268ms (cache miss)
82 silly fetch manifest yaml@^2.4.2
83 http fetch GET 200 https://registry.npmjs.org/yaml 5ms (cache hit)
84 silly placeDep ROOT @alloc/quick-lru@5.2.0 OK for: tailwindcss@3.4.18 want: ^5.2.0
85 silly placeDep ROOT chokidar@3.6.0 OK for: tailwindcss@3.4.18 want: ^3.6.0
86 silly placeDep ROOT didyoumean@1.2.2 OK for: tailwindcss@3.4.18 want: ^1.2.2
87 silly placeDep ROOT dlv@1.1.3 OK for: tailwindcss@3.4.18 want: ^1.1.3
88 silly placeDep ROOT jiti@1.21.7 OK for: tailwindcss@3.4.18 want: ^1.21.7
89 silly placeDep ROOT lilconfig@3.1.3 OK for: tailwindcss@3.4.18 want: ^3.1.3
90 silly placeDep ROOT object-hash@3.0.0 OK for: tailwindcss@3.4.18 want: ^3.0.0
91 silly placeDep ROOT postcss-import@15.1.0 OK for: tailwindcss@3.4.18 want: ^15.1.0
92 silly placeDep ROOT postcss-js@4.1.0 OK for: tailwindcss@3.4.18 want: ^4.0.1
93 silly placeDep node_modules/tailwindcss postcss-load-config@6.0.1 OK for: tailwindcss@3.4.18 want: ^4.0.2 || ^5.0 || ^6.0
94 silly placeDep node_modules/tailwindcss yaml@2.8.1 OK for: postcss-load-config@6.0.1 want: ^2.4.2
95 silly placeDep ROOT postcss-nested@6.2.0 OK for: tailwindcss@3.4.18 want: ^6.2.0
96 silly placeDep ROOT postcss-selector-parser@6.1.2 OK for: tailwindcss@3.4.18 want: ^6.1.2
97 silly fetch manifest readdirp@~3.6.0
98 silly fetch manifest glob-parent@~5.1.2
99 silly fetch manifest is-binary-path@~2.1.0
100 silly fetch manifest read-cache@^1.0.0
101 silly fetch manifest camelcase-css@^2.0.1
102 silly fetch manifest postcss-selector-parser@^6.1.1
103 silly fetch manifest cssesc@^3.0.0
104 http fetch GET 200 https://registry.npmjs.org/glob-parent 10ms (cache hit)
105 http fetch GET 200 https://registry.npmjs.org/is-binary-path 69ms (cache miss)
106 http fetch GET 200 https://registry.npmjs.org/cssesc 69ms (cache miss)
107 http fetch GET 200 https://registry.npmjs.org/readdirp 91ms (cache miss)
108 http fetch GET 200 https://registry.npmjs.org/camelcase-css 92ms (cache miss)
109 http fetch GET 200 https://registry.npmjs.org/read-cache 94ms (cache miss)
110 silly placeDep node_modules/chokidar glob-parent@5.1.2 OK for: chokidar@3.6.0 want: ~5.1.2
111 silly placeDep ROOT is-binary-path@2.1.0 OK for: chokidar@3.6.0 want: ~2.1.0
112 silly placeDep ROOT readdirp@3.6.0 OK for: chokidar@3.6.0 want: ~3.6.0
113 silly fetch manifest binary-extensions@^2.0.0
114 silly fetch manifest picomatch@^2.2.1
115 http fetch GET 200 https://registry.npmjs.org/picomatch 5ms (cache hit)
116 http fetch GET 200 https://registry.npmjs.org/binary-extensions 142ms (cache miss)
117 silly placeDep ROOT binary-extensions@2.3.0 OK for: is-binary-path@2.1.0 want: ^2.0.0
118 silly placeDep ROOT read-cache@1.0.0 OK for: postcss-import@15.1.0 want: ^1.0.0
119 silly fetch manifest pify@^2.3.0
120 http fetch GET 200 https://registry.npmjs.org/pify 418ms (cache miss)
121 silly placeDep ROOT camelcase-css@2.0.1 OK for: postcss-js@4.1.0 want: ^2.0.1
122 silly placeDep ROOT cssesc@3.0.0 OK for: postcss-selector-parser@6.1.2 want: ^3.0.0
123 silly placeDep ROOT pify@2.3.0 OK for: read-cache@1.0.0 want: ^2.3.0
124 silly placeDep node_modules/readdirp picomatch@2.3.1 OK for: readdirp@3.6.0 want: ^2.2.1
125 warn EBADENGINE Unsupported engine {
125 warn EBADENGINE   package: '@vercel/oidc@3.0.3',
125 warn EBADENGINE   required: { node: '>= 20' },
125 warn EBADENGINE   current: { node: 'v18.20.4', npm: '10.7.0' }
125 warn EBADENGINE }
126 warn EBADENGINE Unsupported engine {
126 warn EBADENGINE   package: 'better-sqlite3@12.4.1',
126 warn EBADENGINE   required: { node: '20.x || 22.x || 23.x || 24.x' },
126 warn EBADENGINE   current: { node: 'v18.20.4', npm: '10.7.0' }
126 warn EBADENGINE }
127 silly reify mark retired [
127 silly reify   '/Users/mathapelomolefe/Downloads/rork-vibesync-458/node_modules/react'
127 silly reify ]
128 silly reify mark retired [
128 silly reify   '/Users/mathapelomolefe/Downloads/rork-vibesync-458/node_modules/react-dom'
128 silly reify ]
129 silly reify mark retired [
129 silly reify   '/Users/mathapelomolefe/Downloads/rork-vibesync-458/node_modules/react-native/node_modules/scheduler'
129 silly reify ]
130 silly reify mark retired [
130 silly reify   '/Users/mathapelomolefe/Downloads/rork-vibesync-458/node_modules/scheduler'
130 silly reify ]
131 silly reify moves {
131 silly reify   '/Users/mathapelomolefe/Downloads/rork-vibesync-458/node_modules/react': '/Users/mathapelomolefe/Downloads/rork-vibesync-458/node_modules/.react-u1kYDPTH',
131 silly reify   '/Users/mathapelomolefe/Downloads/rork-vibesync-458/node_modules/react-dom': '/Users/mathapelomolefe/Downloads/rork-vibesync-458/node_modules/.react-dom-l6MnfAu1',
131 silly reify   '/Users/mathapelomolefe/Downloads/rork-vibesync-458/node_modules/react-native/node_modules/scheduler': '/Users/mathapelomolefe/Downloads/rork-vibesync-458/node_modules/react-native/node_modules/.scheduler-CRwUZBtS',
131 silly reify   '/Users/mathapelomolefe/Downloads/rork-vibesync-458/node_modules/scheduler': '/Users/mathapelomolefe/Downloads/rork-vibesync-458/node_modules/.scheduler-tExPcres'
131 silly reify }
132 silly audit bulk request {
132 silly audit   '@0no-co/graphql.web': [ '1.2.0' ],
132 silly audit   '@ai-sdk/gateway': [ '2.0.0' ],
132 silly audit   '@ai-sdk/provider': [ '2.0.0' ],
132 silly audit   '@ai-sdk/provider-utils': [ '3.0.12' ],
132 silly audit   '@ai-sdk/react': [ '2.0.76' ],
132 silly audit   '@babel/code-frame': [ '7.27.1', '7.10.4' ],
132 silly audit   '@babel/compat-data': [ '7.28.4' ],
132 silly audit   '@babel/core': [ '7.28.4' ],
132 silly audit   '@babel/generator': [ '7.28.3' ],
132 silly audit   '@babel/helper-annotate-as-pure': [ '7.27.3' ],
132 silly audit   '@babel/helper-compilation-targets': [ '7.27.2' ],
132 silly audit   '@babel/helper-create-class-features-plugin': [ '7.28.3' ],
132 silly audit   '@babel/helper-create-regexp-features-plugin': [ '7.27.1' ],
132 silly audit   '@babel/helper-define-polyfill-provider': [ '0.6.5' ],
132 silly audit   '@babel/helper-globals': [ '7.28.0' ],
132 silly audit   '@babel/helper-member-expression-to-functions': [ '7.27.1' ],
132 silly audit   '@babel/helper-module-imports': [ '7.27.1' ],
132 silly audit   '@babel/helper-module-transforms': [ '7.28.3' ],
132 silly audit   '@babel/helper-optimise-call-expression': [ '7.27.1' ],
132 silly audit   '@babel/helper-plugin-utils': [ '7.27.1' ],
132 silly audit   '@babel/helper-remap-async-to-generator': [ '7.27.1' ],
132 silly audit   '@babel/helper-replace-supers': [ '7.27.1' ],
132 silly audit   '@babel/helper-skip-transparent-expression-wrappers': [ '7.27.1' ],
132 silly audit   '@babel/helper-string-parser': [ '7.27.1' ],
132 silly audit   '@babel/helper-validator-identifier': [ '7.27.1' ],
132 silly audit   '@babel/helper-validator-option': [ '7.27.1' ],
132 silly audit   '@babel/helper-wrap-function': [ '7.28.3' ],
132 silly audit   '@babel/helpers': [ '7.28.4' ],
132 silly audit   '@babel/highlight': [ '7.25.9' ],
132 silly audit   'ansi-styles': [ '3.2.1', '6.2.3', '4.3.0', '5.2.0' ],
132 silly audit   chalk: [ '2.4.2', '4.1.2' ],
132 silly audit   'color-convert': [ '1.9.3', '2.0.1' ],
132 silly audit   'color-name': [ '1.1.3', '1.1.4' ],
132 silly audit   'escape-string-regexp': [ '1.0.5', '4.0.0', '2.0.0' ],
132 silly audit   'has-flag': [ '3.0.0', '4.0.0' ],
132 silly audit   'supports-color': [ '5.5.0', '8.1.1', '7.2.0' ],
132 silly audit   '@babel/parser': [ '7.28.4' ],
132 silly audit   '@babel/plugin-proposal-decorators': [ '7.28.0' ],
132 silly audit   '@babel/plugin-proposal-export-default-from': [ '7.27.1' ],
132 silly audit   '@babel/plugin-syntax-async-generators': [ '7.8.4' ],
132 silly audit   '@babel/plugin-syntax-bigint': [ '7.8.3' ],
132 silly audit   '@babel/plugin-syntax-class-properties': [ '7.12.13' ],
132 silly audit   '@babel/plugin-syntax-class-static-block': [ '7.14.5' ],
132 silly audit   '@babel/plugin-syntax-decorators': [ '7.27.1' ],
132 silly audit   '@babel/plugin-syntax-dynamic-import': [ '7.8.3' ],
132 silly audit   '@babel/plugin-syntax-export-default-from': [ '7.27.1' ],
132 silly audit   '@babel/plugin-syntax-flow': [ '7.27.1' ],
132 silly audit   '@babel/plugin-syntax-import-attributes': [ '7.27.1' ],
132 silly audit   '@babel/plugin-syntax-import-meta': [ '7.10.4' ],
132 silly audit   '@babel/plugin-syntax-json-strings': [ '7.8.3' ],
132 silly audit   '@babel/plugin-syntax-jsx': [ '7.27.1' ],
132 silly audit   '@babel/plugin-syntax-logical-assignment-operators': [ '7.10.4' ],
132 silly audit   '@babel/plugin-syntax-nullish-coalescing-operator': [ '7.8.3' ],
132 silly audit   '@babel/plugin-syntax-numeric-separator': [ '7.10.4' ],
132 silly audit   '@babel/plugin-syntax-object-rest-spread': [ '7.8.3' ],
132 silly audit   '@babel/plugin-syntax-optional-catch-binding': [ '7.8.3' ],
132 silly audit   '@babel/plugin-syntax-optional-chaining': [ '7.8.3' ],
132 silly audit   '@babel/plugin-syntax-private-property-in-object': [ '7.14.5' ],
132 silly audit   '@babel/plugin-syntax-top-level-await': [ '7.14.5' ],
132 silly audit   '@babel/plugin-syntax-typescript': [ '7.27.1' ],
132 silly audit   '@babel/plugin-transform-arrow-functions': [ '7.27.1' ],
132 silly audit   '@babel/plugin-transform-async-generator-functions': [ '7.28.0' ],
132 silly audit   '@babel/plugin-transform-async-to-generator': [ '7.27.1' ],
132 silly audit   '@babel/plugin-transform-block-scoping': [ '7.28.4' ],
132 silly audit   '@babel/plugin-transform-class-properties': [ '7.27.1' ],
132 silly audit   '@babel/plugin-transform-classes': [ '7.28.4' ],
132 silly audit   '@babel/plugin-transform-computed-properties': [ '7.27.1' ],
132 silly audit   '@babel/plugin-transform-destructuring': [ '7.28.0' ],
132 silly audit   '@babel/plugin-transform-export-namespace-from': [ '7.27.1' ],
132 silly audit   '@babel/plugin-transform-flow-strip-types': [ '7.27.1' ],
132 silly audit   '@babel/plugin-transform-for-of': [ '7.27.1' ],
132 silly audit   '@babel/plugin-transform-function-name': [ '7.27.1' ],
132 silly audit   '@babel/plugin-transform-literals': [ '7.27.1' ],
132 silly audit   '@babel/plugin-transform-logical-assignment-operators': [ '7.27.1' ],
132 silly audit   '@babel/plugin-transform-modules-commonjs': [ '7.27.1' ],
132 silly audit   '@babel/plugin-transform-named-capturing-groups-regex': [ '7.27.1' ],
132 silly audit   '@babel/plugin-transform-nullish-coalescing-operator': [ '7.27.1' ],
132 silly audit   '@babel/plugin-transform-numeric-separator': [ '7.27.1' ],
132 silly audit   '@babel/plugin-transform-object-rest-spread': [ '7.28.4' ],
132 silly audit   '@babel/plugin-transform-optional-catch-binding': [ '7.27.1' ],
132 silly audit   '@babel/plugin-transform-optional-chaining': [ '7.27.1' ],
132 silly audit   '@babel/plugin-transform-parameters': [ '7.27.7' ],
132 silly audit   '@babel/plugin-transform-private-methods': [ '7.27.1' ],
132 silly audit   '@babel/plugin-transform-private-property-in-object': [ '7.27.1' ],
132 silly audit   '@babel/plugin-transform-react-display-name': [ '7.28.0' ],
132 silly audit   '@babel/plugin-transform-react-jsx': [ '7.27.1' ],
132 silly audit   '@babel/plugin-transform-react-jsx-development': [ '7.27.1' ],
132 silly audit   '@babel/plugin-transform-react-jsx-self': [ '7.27.1' ],
132 silly audit   '@babel/plugin-transform-react-jsx-source': [ '7.27.1' ],
132 silly audit   '@babel/plugin-transform-react-pure-annotations': [ '7.27.1' ],
132 silly audit   '@babel/plugin-transform-regenerator': [ '7.28.4' ],
132 silly audit   '@babel/plugin-transform-runtime': [ '7.28.3' ],
132 silly audit   '@babel/plugin-transform-shorthand-properties': [ '7.27.1' ],
132 silly audit   '@babel/plugin-transform-spread': [ '7.27.1' ],
132 silly audit   '@babel/plugin-transform-sticky-regex': [ '7.27.1' ],
132 silly audit   '@babel/plugin-transform-typescript': [ '7.28.0' ],
132 silly audit   '@babel/plugin-transform-unicode-regex': [ '7.27.1' ],
132 silly audit   '@babel/preset-react': [ '7.27.1' ],
132 silly audit   '@babel/preset-typescript': [ '7.27.1' ],
132 silly audit   '@babel/runtime': [ '7.28.4' ],
132 silly audit   '@babel/template': [ '7.27.2' ],
132 silly audit   '@babel/traverse': [ '7.28.4' ],
132 silly audit   '@babel/types': [ '7.28.4' ],
132 silly audit   '@egjs/hammerjs': [ '2.0.17' ],
132 silly audit   '@emnapi/core': [ '1.5.0' ],
132 silly audit   '@emnapi/runtime': [ '1.5.0' ],
132 silly audit   '@emnapi/wasi-threads': [ '1.1.0' ],
132 silly audit   '@eslint-community/eslint-utils': [ '4.9.0' ],
132 silly audit   '@eslint-community/regexpp': [ '4.12.1' ],
132 silly audit   '@eslint/config-array': [ '0.21.0' ],
132 silly audit   'brace-expansion': [ '1.1.12', '2.0.2' ],
132 silly audit   minimatch: [ '3.1.2', '9.0.5' ],
132 silly audit   '@eslint/config-helpers': [ '0.3.1' ],
132 silly audit   '@eslint/core': [ '0.15.2' ],
132 silly audit   '@eslint/eslintrc': [ '3.3.1' ],
132 silly audit   '@eslint/js': [ '9.31.0' ],
132 silly audit   '@eslint/object-schema': [ '2.1.6' ],
132 silly audit   '@eslint/plugin-kit': [ '0.3.5' ],
132 silly audit   '@expo/cli': [ '0.24.22' ],
132 silly audit   semver: [ '7.7.3', '7.6.3', '6.3.1', '7.7.2' ],
132 silly audit   '@expo/code-signing-certificates': [ '0.0.5' ],
132 silly audit   '@expo/config': [ '11.0.13' ],
132 silly audit   '@expo/config-plugins': [ '10.1.2' ],
132 silly audit   '@expo/config-types': [ '53.0.5' ],
132 silly audit   '@expo/devcert': [ '1.2.0' ],
132 silly audit   debug: [ '3.2.7', '2.6.9', '4.4.3' ],
132 silly audit   '@expo/env': [ '1.0.7' ],
132 silly audit   '@expo/fingerprint': [ '0.13.4' ],
132 silly audit   '@expo/image-utils': [ '0.7.6' ],
132 silly audit   '@expo/json-file': [ '9.1.5', '10.0.7' ],
132 silly audit   '@expo/metro-config': [ '0.20.17' ],
132 silly audit   '@expo/metro-runtime': [ '5.0.5' ],
132 silly audit   '@expo/ngrok': [ '4.1.3' ],
132 silly audit   '@expo/ngrok-bin': [ '2.3.42' ],
132 silly audit   '@expo/ngrok-bin-darwin-arm64': [ '2.3.41' ],
132 silly audit   '@expo/ngrok-bin-darwin-x64': [ '2.3.41' ],
132 silly audit   '@expo/ngrok-bin-freebsd-ia32': [ '2.3.41' ],
132 silly audit   '@expo/ngrok-bin-freebsd-x64': [ '2.3.41' ],
132 silly audit   '@expo/ngrok-bin-linux-arm': [ '2.3.41' ],
132 silly audit   '@expo/ngrok-bin-linux-arm64': [ '2.3.41' ],
132 silly audit   '@expo/ngrok-bin-linux-ia32': [ '2.3.41' ],
132 silly audit   '@expo/ngrok-bin-linux-x64': [ '2.3.41' ],
132 silly audit   '@expo/ngrok-bin-sunos-x64': [ '2.3.41' ],
132 silly audit   '@expo/ngrok-bin-win32-ia32': [ '2.3.41' ],
132 silly audit   '@expo/ngrok-bin-win32-x64': [ '2.3.41' ],
132 silly audit   '@expo/osascript': [ '2.3.7' ],
132 silly audit   '@expo/package-manager': [ '1.9.8' ],
132 silly audit   '@expo/plist': [ '0.3.5' ],
132 silly audit   '@expo/prebuild-config': [ '9.0.12' ],
132 silly audit   '@expo/schema-utils': [ '0.1.7' ],
132 silly audit   '@expo/sdk-runtime-versions': [ '1.0.0' ],
132 silly audit   '@expo/server': [ '0.6.3' ],
132 silly audit   '@expo/spawn-async': [ '1.7.2' ],
132 silly audit   '@expo/sudo-prompt': [ '9.3.2' ],
132 silly audit   '@expo/vector-icons': [ '14.1.0' ],
132 silly audit   '@expo/ws-tunnel': [ '1.0.6' ],
132 silly audit   '@expo/xcpretty': [ '4.3.2' ],
132 silly audit   '@hono/trpc-server': [ '0.4.0' ],
132 silly audit   '@humanfs/core': [ '0.19.1' ],
132 silly audit   '@humanfs/node': [ '0.16.7' ],
132 silly audit   '@humanwhocodes/module-importer': [ '1.0.1' ],
132 silly audit   '@humanwhocodes/retry': [ '0.4.3' ],
132 silly audit   '@ide/backoff': [ '1.0.0' ],
132 silly audit   '@isaacs/cliui': [ '8.0.2' ],
132 silly audit   'wrap-ansi': [ '8.1.0', '6.2.0', '7.0.0' ],
132 silly audit   '@isaacs/fs-minipass': [ '4.0.1' ],
132 silly audit   '@isaacs/ttlcache': [ '1.4.1' ],
132 silly audit   '@istanbuljs/load-nyc-config': [ '1.1.0' ],
132 silly audit   argparse: [ '1.0.10', '2.0.1' ],
132 silly audit   'find-up': [ '4.1.0', '5.0.0' ],
132 silly audit   'js-yaml': [ '3.14.1', '4.1.0' ],
132 silly audit   'locate-path': [ '5.0.0', '6.0.0' ],
132 silly audit   'p-limit': [ '2.3.0', '3.1.0' ],
132 silly audit   'p-locate': [ '4.1.0', '5.0.0' ],
132 silly audit   '@istanbuljs/schema': [ '0.1.3' ],
132 silly audit   '@jest/create-cache-key-function': [ '29.7.0' ],
132 silly audit   '@jest/environment': [ '29.7.0' ],
132 silly audit   '@jest/fake-timers': [ '29.7.0' ],
132 silly audit   '@jest/schemas': [ '29.6.3' ],
132 silly audit   '@jest/transform': [ '29.7.0' ],
132 silly audit   '@jest/types': [ '29.6.3' ],
132 silly audit   '@jridgewell/gen-mapping': [ '0.3.13' ],
132 silly audit   '@jridgewell/remapping': [ '2.3.5' ],
132 silly audit   '@jridgewell/resolve-uri': [ '3.1.2' ],
132 silly audit   '@jridgewell/source-map': [ '0.3.11' ],
132 silly audit   '@jridgewell/sourcemap-codec': [ '1.5.5' ],
132 silly audit   '@jridgewell/trace-mapping': [ '0.3.31' ],
132 silly audit   '@napi-rs/wasm-runtime': [ '0.2.12' ],
132 silly audit   '@nkzw/create-context-hook': [ '1.1.0' ],
132 silly audit   '@nodelib/fs.scandir': [ '2.1.5' ],
132 silly audit   '@nodelib/fs.stat': [ '2.0.5' ],
132 silly audit   '@nodelib/fs.walk': [ '1.2.8' ],
132 silly audit   '@nolyfill/is-core-module': [ '1.0.39' ],
132 silly audit   '@opentelemetry/api': [ '1.9.0' ],
132 silly audit   '@pkgjs/parseargs': [ '0.11.0' ],
132 silly audit   '@radix-ui/react-compose-refs': [ '1.1.2' ],
132 silly audit   '@radix-ui/react-slot': [ '1.2.0' ],
132 silly audit   '@react-native-async-storage/async-storage': [ '2.1.2' ],
132 silly audit   '@react-native-community/netinfo': [ '11.4.1' ],
132 silly audit   '@react-native/assets-registry': [ '0.79.5' ],
132 silly audit   '@react-native/babel-plugin-codegen': [ '0.79.6' ],
132 silly audit   '@react-native/babel-preset': [ '0.79.6' ],
132 silly audit   '@react-native/codegen': [ '0.79.6', '0.79.5' ],
132 silly audit   glob: [ '7.2.3', '10.4.5' ],
132 silly audit   '@react-native/community-cli-plugin': [ '0.79.5' ],
132 silly audit   '@react-native/debugger-frontend': [ '0.79.5', '0.79.6' ],
132 silly audit   '@react-native/dev-middleware': [ '0.79.5', '0.79.6' ],
132 silly audit   ms: [ '2.0.0', '2.1.3' ],
132 silly audit   ws: [ '6.2.3', '7.5.10', '8.18.3' ],
132 silly audit   '@react-native/gradle-plugin': [ '0.79.5' ],
132 silly audit   '@react-native/js-polyfills': [ '0.79.5' ],
132 silly audit   '@react-native/normalize-colors': [ '0.79.6', '0.74.89', '0.79.5' ],
132 silly audit   '@react-native/virtualized-lists': [ '0.79.5' ],
132 silly audit   '@react-navigation/bottom-tabs': [ '7.4.9' ],
132 silly audit   '@react-navigation/core': [ '7.12.4' ],
132 silly audit   '@react-navigation/elements': [ '2.6.5' ],
132 silly audit   '@react-navigation/native': [ '7.1.18' ],
132 silly audit   '@react-navigation/native-stack': [ '7.3.28' ],
132 silly audit   '@react-navigation/routers': [ '7.5.1' ],
132 silly audit   '@redis/bloom': [ '5.8.3' ],
132 silly audit   '@redis/client': [ '5.8.3' ],
132 silly audit   '@redis/json': [ '5.8.3' ],
132 silly audit   '@redis/search': [ '5.8.3' ],
132 silly audit   '@redis/time-series': [ '5.8.3' ],
132 silly audit   '@rtsao/scc': [ '1.1.0' ],
132 silly audit   '@sinclair/typebox': [ '0.27.8' ],
132 silly audit   '@sindresorhus/is': [ '4.6.0' ],
132 silly audit   '@sinonjs/commons': [ '3.0.1' ],
132 silly audit   '@sinonjs/fake-timers': [ '10.3.0' ],
132 silly audit   '@standard-schema/spec': [ '1.0.0' ],
132 silly audit   '@stardazed/streams-text-encoding': [ '1.0.2' ],
132 silly audit   '@szmarczak/http-timer': [ '4.0.6' ],
132 silly audit   '@tanstack/eslint-plugin-query': [ '5.91.2' ],
132 silly audit   '@tanstack/query-core': [ '5.90.5' ],
132 silly audit   '@tanstack/react-query': [ '5.90.5' ],
132 silly audit   '@trpc/client': [ '11.6.0' ],
132 silly audit   '@trpc/react-query': [ '11.6.0' ],
132 silly audit   '@trpc/server': [ '11.6.0' ],
132 silly audit   '@tybys/wasm-util': [ '0.10.1' ],
132 silly audit   '@types/babel__core': [ '7.20.5' ],
132 silly audit   '@types/babel__generator': [ '7.27.0' ],
132 silly audit   '@types/babel__template': [ '7.4.4' ],
132 silly audit   '@types/babel__traverse': [ '7.28.0' ],
132 silly audit   '@types/bcryptjs': [ '3.0.0' ],
132 silly audit   '@types/cacheable-request': [ '6.0.3' ],
132 silly audit   '@types/estree': [ '1.0.8' ],
132 silly audit   '@types/graceful-fs': [ '4.1.9' ],
132 silly audit   '@types/hammerjs': [ '2.0.46' ],
132 silly audit   '@types/html-minifier-terser': [ '6.1.0' ],
132 silly audit   '@types/http-cache-semantics': [ '4.0.4' ],
132 silly audit   '@types/istanbul-lib-coverage': [ '2.0.6' ],
132 silly audit   '@types/istanbul-lib-report': [ '3.0.3' ],
132 silly audit   '@types/istanbul-reports': [ '3.0.4' ],
132 silly audit   '@types/json-schema': [ '7.0.15' ],
132 silly audit   '@types/json5': [ '0.0.29' ],
132 silly audit   '@types/keyv': [ '3.1.4' ],
132 silly audit   '@types/node': [ '24.8.1' ],
132 silly audit   '@types/pg': [ '8.15.5' ],
132 silly audit   '@types/react': [ '19.0.14' ],
132 silly audit   '@types/responselike': [ '1.0.3' ],
132 silly audit   '@types/stack-utils': [ '2.0.3' ],
132 silly audit   '@types/yargs': [ '17.0.33' ],
132 silly audit   '@types/yargs-parser': [ '21.0.3' ],
132 silly audit   '@typescript-eslint/eslint-plugin': [ '8.46.1' ],
132 silly audit   ignore: [ '7.0.5', '5.3.2' ],
132 silly audit   '@typescript-eslint/parser': [ '8.46.1' ],
132 silly audit   '@typescript-eslint/project-service': [ '8.46.1' ],
132 silly audit   '@typescript-eslint/scope-manager': [ '8.46.1' ],
132 silly audit   '@typescript-eslint/tsconfig-utils': [ '8.46.1' ],
132 silly audit   '@typescript-eslint/type-utils': [ '8.46.1' ],
132 silly audit   '@typescript-eslint/types': [ '8.46.1' ],
132 silly audit   '@typescript-eslint/typescript-estree': [ '8.46.1' ],
132 silly audit   '@typescript-eslint/utils': [ '8.46.1' ],
132 silly audit   '@typescript-eslint/visitor-keys': [ '8.46.1' ],
132 silly audit   'eslint-visitor-keys': [ '4.2.1', '3.4.3' ],
132 silly audit   '@ungap/structured-clone': [ '1.3.0' ],
132 silly audit   '@unrs/resolver-binding-android-arm-eabi': [ '1.11.1' ],
132 silly audit   '@unrs/resolver-binding-android-arm64': [ '1.11.1' ],
132 silly audit   '@unrs/resolver-binding-darwin-arm64': [ '1.11.1' ],
132 silly audit   '@unrs/resolver-binding-darwin-x64': [ '1.11.1' ],
132 silly audit   '@unrs/resolver-binding-freebsd-x64': [ '1.11.1' ],
132 silly audit   '@unrs/resolver-binding-linux-arm-gnueabihf': [ '1.11.1' ],
132 silly audit   '@unrs/resolver-binding-linux-arm-musleabihf': [ '1.11.1' ],
132 silly audit   '@unrs/resolver-binding-linux-arm64-gnu': [ '1.11.1' ],
132 silly audit   '@unrs/resolver-binding-linux-arm64-musl': [ '1.11.1' ],
132 silly audit   '@unrs/resolver-binding-linux-ppc64-gnu': [ '1.11.1' ],
132 silly audit   '@unrs/resolver-binding-linux-riscv64-gnu': [ '1.11.1' ],
132 silly audit   '@unrs/resolver-binding-linux-riscv64-musl': [ '1.11.1' ],
132 silly audit   '@unrs/resolver-binding-linux-s390x-gnu': [ '1.11.1' ],
132 silly audit   '@unrs/resolver-binding-linux-x64-gnu': [ '1.11.1' ],
132 silly audit   '@unrs/resolver-binding-linux-x64-musl': [ '1.11.1' ],
132 silly audit   '@unrs/resolver-binding-wasm32-wasi': [ '1.11.1' ],
132 silly audit   '@unrs/resolver-binding-win32-arm64-msvc': [ '1.11.1' ],
132 silly audit   '@unrs/resolver-binding-win32-ia32-msvc': [ '1.11.1' ],
132 silly audit   '@unrs/resolver-binding-win32-x64-msvc': [ '1.11.1' ],
132 silly audit   '@urql/core': [ '5.2.0' ],
132 silly audit   '@urql/exchange-retry': [ '1.3.2' ],
132 silly audit   '@vercel/oidc': [ '3.0.3' ],
132 silly audit   '@xmldom/xmldom': [ '0.8.11' ],
132 silly audit   'abort-controller': [ '3.0.0' ],
132 silly audit   accepts: [ '1.3.8' ],
132 silly audit   acorn: [ '8.15.0' ],
132 silly audit   'acorn-jsx': [ '5.3.2' ],
132 silly audit   'agent-base': [ '7.1.4' ],
132 silly audit   ai: [ '5.0.76' ],
132 silly audit   ajv: [ '6.12.6' ],
132 silly audit   anser: [ '1.4.10' ],
132 silly audit   'ansi-escapes': [ '4.3.2' ],
132 silly audit   'type-fest': [ '0.21.3', '0.7.1' ],
132 silly audit   'ansi-regex': [ '5.0.1', '4.1.1', '6.2.2' ],
132 silly audit   'any-promise': [ '1.3.0' ],
132 silly audit   anymatch: [ '3.1.3' ],
132 silly audit   picomatch: [ '2.3.1', '3.0.1', '4.0.3' ],
132 silly audit   arg: [ '5.0.2' ],
132 silly audit   'array-buffer-byte-length': [ '1.0.2' ],
132 silly audit   'array-includes': [ '3.1.9' ],
132 silly audit   'array-timsort': [ '1.0.3' ],
132 silly audit   'array.prototype.findlast': [ '1.2.5' ],
132 silly audit   'array.prototype.findlastindex': [ '1.2.6' ],
132 silly audit   'array.prototype.flat': [ '1.3.3' ],
132 silly audit   'array.prototype.flatmap': [ '1.3.3' ],
132 silly audit   'array.prototype.tosorted': [ '1.1.4' ],
132 silly audit   'arraybuffer.prototype.slice': [ '1.0.4' ],
132 silly audit   asap: [ '2.0.6' ],
132 silly audit   assert: [ '2.1.0' ],
132 silly audit   'async-function': [ '1.0.0' ],
132 silly audit   'async-limiter': [ '1.0.1' ],
132 silly audit   'available-typed-arrays': [ '1.0.7' ],
132 silly audit   'babel-jest': [ '29.7.0' ],
132 silly audit   'babel-plugin-istanbul': [ '6.1.1' ],
132 silly audit   'babel-plugin-jest-hoist': [ '29.6.3' ],
132 silly audit   'babel-plugin-polyfill-corejs2': [ '0.4.14' ],
132 silly audit   'babel-plugin-polyfill-corejs3': [ '0.13.0' ],
132 silly audit   'babel-plugin-polyfill-regenerator': [ '0.6.5' ],
132 silly audit   'babel-plugin-react-native-web': [ '0.19.13' ],
132 silly audit   'babel-plugin-syntax-hermes-parser': [ '0.25.1' ],
132 silly audit   'babel-plugin-transform-flow-enums': [ '0.0.2' ],
132 silly audit   'babel-preset-current-node-syntax': [ '1.2.0' ],
132 silly audit   'babel-preset-expo': [ '13.2.4' ],
132 silly audit   'babel-preset-jest': [ '29.6.3' ],
132 silly audit   badgin: [ '1.2.3' ],
132 silly audit   'balanced-match': [ '1.0.2' ],
132 silly audit   'base64-arraybuffer': [ '1.0.2' ],
132 silly audit   'base64-js': [ '1.5.1' ],
132 silly audit   'baseline-browser-mapping': [ '2.8.17' ],
132 silly audit   bcryptjs: [ '3.0.2' ],
132 silly audit   'better-opn': [ '3.0.2' ],
132 silly audit   open: [ '8.4.2', '7.4.2' ],
132 silly audit   'better-sqlite3': [ '12.4.1' ],
132 silly audit   'big-integer': [ '1.6.52' ],
132 silly audit   bindings: [ '1.5.0' ],
132 silly audit   bl: [ '4.1.0' ],
132 silly audit   boolbase: [ '1.0.0' ],
132 silly audit   'bplist-creator': [ '0.1.0' ],
132 silly audit   'bplist-parser': [ '0.3.2', '0.3.1' ],
132 silly audit   braces: [ '3.0.3' ],
132 silly audit   browserslist: [ '4.26.3' ],
132 silly audit   bser: [ '2.1.1' ],
132 silly audit   buffer: [ '5.7.1' ],
132 silly audit   'buffer-from': [ '1.1.2' ],
132 silly audit   bytes: [ '3.1.2' ],
132 silly audit   'cacheable-lookup': [ '5.0.4' ],
132 silly audit   'cacheable-request': [ '7.0.4' ],
132 silly audit   'call-bind': [ '1.0.8' ],
132 silly audit   'call-bind-apply-helpers': [ '1.0.2' ],
132 silly audit   'call-bound': [ '1.0.4' ],
132 silly audit   'caller-callsite': [ '2.0.0' ],
132 silly audit   callsites: [ '2.0.0', '3.1.0' ],
132 silly audit   'caller-path': [ '2.0.0' ],
132 silly audit   'camel-case': [ '4.1.2' ],
132 silly audit   camelcase: [ '5.3.1', '6.3.0' ],
132 silly audit   'caniuse-lite': [ '1.0.30001751' ],
132 silly audit   chownr: [ '3.0.0', '1.1.4' ],
132 silly audit   'chrome-launcher': [ '0.15.2' ],
132 silly audit   'chromium-edge-launcher': [ '0.2.0' ],
132 silly audit   'ci-info': [ '3.9.0', '2.0.0' ],
132 silly audit   'clean-css': [ '5.3.3' ],
132 silly audit   'cli-cursor': [ '2.1.0' ],
132 silly audit   'cli-spinners': [ '2.9.2' ],
132 silly audit   'client-only': [ '0.0.1' ],
132 silly audit   cliui: [ '8.0.1', '6.0.0' ],
132 silly audit   'emoji-regex': [ '8.0.0', '9.2.2' ],
132 silly audit   'string-width': [ '4.2.3', '5.1.2' ],
132 silly audit   'strip-ansi': [ '6.0.1', '5.2.0', '7.1.2' ],
132 silly audit   clone: [ '1.0.4' ],
132 silly audit   'clone-response': [ '1.0.3' ],
132 silly audit   'cluster-key-slot': [ '1.1.2' ],
132 silly audit   color: [ '4.2.3' ],
132 silly audit   'color-string': [ '1.9.1' ],
132 silly audit   commander: [ '7.2.0', '8.3.0', '12.1.0', '4.1.1', '2.20.3' ],
132 silly audit   'comment-json': [ '4.4.1' ],
132 silly audit   compressible: [ '2.0.18' ],
132 silly audit   compression: [ '1.8.1' ],
132 silly audit   negotiator: [ '0.6.4', '0.6.3' ],
132 silly audit   'concat-map': [ '0.0.1' ],
132 silly audit   connect: [ '3.7.0' ],
132 silly audit   'convert-source-map': [ '2.0.0' ],
132 silly audit   'copy-anything': [ '3.0.5' ],
132 silly audit   'core-js-compat': [ '3.46.0' ],
132 silly audit   'core-util-is': [ '1.0.3' ],
132 silly audit   cosmiconfig: [ '5.2.1' ],
132 silly audit   'import-fresh': [ '2.0.0', '3.3.1' ],
132 silly audit   'resolve-from': [ '3.0.0', '4.0.0', '5.0.0' ],
132 silly audit   'cross-fetch': [ '3.2.0' ],
132 silly audit   'cross-spawn': [ '7.0.6' ],
132 silly audit   'crypto-random-string': [ '2.0.0' ],
132 silly audit   'css-in-js-utils': [ '3.1.0' ],
132 silly audit   'css-line-break': [ '2.1.0' ],
132 silly audit   'css-select': [ '5.2.2', '4.3.0' ],
132 silly audit   'css-tree': [ '1.1.3' ],
132 silly audit   'css-what': [ '6.2.2' ],
132 silly audit   csstype: [ '3.1.3' ],
132 silly audit   'data-view-buffer': [ '1.0.2' ],
132 silly audit   'data-view-byte-length': [ '1.0.2' ],
132 silly audit   'data-view-byte-offset': [ '1.0.1' ],
132 silly audit   decamelize: [ '1.2.0' ],
132 silly audit   'decode-uri-component': [ '0.2.2' ],
132 silly audit   'decompress-response': [ '6.0.0' ],
132 silly audit   'mimic-response': [ '3.1.0', '1.0.1' ],
132 silly audit   'deep-extend': [ '0.6.0' ],
132 silly audit   'deep-is': [ '0.1.4' ],
132 silly audit   deepmerge: [ '4.3.1' ],
132 silly audit   defaults: [ '1.0.4' ],
132 silly audit   'defer-to-connect': [ '2.0.1' ],
132 silly audit   'define-data-property': [ '1.1.4' ],
132 silly audit   'define-lazy-prop': [ '2.0.0' ],
132 silly audit   'define-properties': [ '1.2.1' ],
132 silly audit   depd: [ '2.0.0' ],
132 silly audit   dequal: [ '2.0.3' ],
132 silly audit   destroy: [ '1.2.0' ],
132 silly audit   'detect-libc': [ '1.0.3', '2.1.2' ],
132 silly audit   dijkstrajs: [ '1.0.3' ],
132 silly audit   doctrine: [ '2.1.0' ],
132 silly audit   'dom-converter': [ '0.2.0' ],
132 silly audit   'dom-serializer': [ '2.0.0', '1.4.1' ],
132 silly audit   domelementtype: [ '2.3.0' ],
132 silly audit   domhandler: [ '5.0.3', '4.3.1' ],
132 silly audit   domutils: [ '3.2.2', '2.8.0' ],
132 silly audit   'dot-case': [ '3.0.4' ],
132 silly audit   dotenv: [ '16.4.7' ],
132 silly audit   'dotenv-expand': [ '11.0.7' ],
132 silly audit   'dunder-proto': [ '1.0.1' ],
132 silly audit   eastasianwidth: [ '0.2.0' ],
132 silly audit   'ee-first': [ '1.1.1' ],
132 silly audit   'electron-to-chromium': [ '1.5.237' ],
132 silly audit   encodeurl: [ '1.0.2', '2.0.0' ],
132 silly audit   'end-of-stream': [ '1.4.5' ],
132 silly audit   entities: [ '4.5.0', '2.2.0' ],
132 silly audit   'env-editor': [ '0.4.2' ],
132 silly audit   'error-ex': [ '1.3.4' ],
132 silly audit   'error-stack-parser': [ '2.1.4' ],
132 silly audit   'es-abstract': [ '1.24.0' ],
132 silly audit   'es-define-property': [ '1.0.1' ],
132 silly audit   'es-errors': [ '1.3.0' ],
132 silly audit   'es-iterator-helpers': [ '1.2.1' ],
132 silly audit   'es-object-atoms': [ '1.1.1' ],
132 silly audit   'es-set-tostringtag': [ '2.1.0' ],
132 silly audit   'es-shim-unscopables': [ '1.1.0' ],
132 silly audit   'es-to-primitive': [ '1.3.0' ],
132 silly audit   escalade: [ '3.2.0' ],
132 silly audit   'escape-html': [ '1.0.3' ],
132 silly audit   eslint: [ '9.31.0' ],
132 silly audit   'eslint-config-expo': [ '9.2.0' ],
132 silly audit   globals: [ '16.4.0', '14.0.0' ],
132 silly audit   'eslint-import-resolver-node': [ '0.3.9' ],
132 silly audit   'eslint-import-resolver-typescript': [ '3.10.1' ],
132 silly audit   'eslint-module-utils': [ '2.12.1' ],
132 silly audit   'eslint-plugin-expo': [ '0.1.4' ],
132 silly audit   'eslint-plugin-import': [ '2.32.0' ],
132 silly audit   'eslint-plugin-react': [ '7.37.5' ],
132 silly audit   'eslint-plugin-react-hooks': [ '5.2.0' ],
132 silly audit   resolve: [ '2.0.0-next.5', '1.7.1', '1.22.10' ],
132 silly audit   'eslint-scope': [ '8.4.0' ],
132 silly audit   espree: [ '10.4.0' ],
132 silly audit   esprima: [ '4.0.1' ],
132 silly audit   esquery: [ '1.6.0' ],
132 silly audit   esrecurse: [ '4.3.0' ],
132 silly audit   estraverse: [ '5.3.0' ],
132 silly audit   esutils: [ '2.0.3' ],
132 silly audit   etag: [ '1.8.1' ],
132 silly audit   'event-target-shim': [ '5.0.1' ],
132 silly audit   'eventsource-parser': [ '3.0.6' ],
132 silly audit   'exec-async': [ '2.2.0' ],
132 silly audit   'expand-template': [ '2.0.3' ],
132 silly audit   expo: [ '53.0.23' ],
132 silly audit   'expo-application': [ '6.1.5' ],
132 silly audit   'expo-asset': [ '11.1.7' ],
132 silly audit   'expo-auth-session': [ '6.2.1' ],
132 silly audit   'expo-av': [ '15.1.7' ],
132 silly audit   'expo-blur': [ '14.1.5' ],
132 silly audit   'expo-camera': [ '16.1.11' ],
132 silly audit   'expo-clipboard': [ '7.1.5' ],
132 silly audit   'expo-constants': [ '17.1.7' ],
132 silly audit   'expo-contacts': [ '14.2.5' ],
132 silly audit   'expo-crypto': [ '14.1.5' ],
132 silly audit   'expo-device': [ '7.1.4' ],
132 silly audit   'expo-document-picker': [ '13.1.6' ],
132 silly audit   'expo-file-system': [ '18.1.11' ],
132 silly audit   'expo-font': [ '13.3.2' ],
132 silly audit   'expo-haptics': [ '14.1.4' ],
132 silly audit   'expo-image': [ '2.4.1' ],
132 silly audit   'expo-image-loader': [ '5.1.0' ],
132 silly audit   'expo-image-manipulator': [ '13.1.7' ],
132 silly audit   'expo-image-picker': [ '16.1.4' ],
132 silly audit   'expo-keep-awake': [ '14.1.4' ],
132 silly audit   'expo-linear-gradient': [ '14.1.5' ],
132 silly audit   'expo-linking': [ '7.1.7' ],
132 silly audit   'expo-localization': [ '16.1.6' ],
132 silly audit   'expo-location': [ '18.1.6' ],
132 silly audit   'expo-media-library': [ '17.1.7' ],
132 silly audit   'expo-modules-autolinking': [ '2.1.14' ],
132 silly audit   'expo-modules-core': [ '2.5.0' ],
132 silly audit   'expo-notifications': [ '0.31.4' ],
132 silly audit   'expo-router': [ '5.1.7' ],
132 silly audit   'expo-splash-screen': [ '0.30.10' ],
132 silly audit   'expo-status-bar': [ '2.2.3' ],
132 silly audit   'expo-symbols': [ '0.4.5' ],
132 silly audit   'expo-system-ui': [ '5.0.11' ],
132 silly audit   'expo-web-browser': [ '14.2.0' ],
132 silly audit   'exponential-backoff': [ '3.1.3' ],
132 silly audit   'fast-deep-equal': [ '3.1.3' ],
132 silly audit   'fast-glob': [ '3.3.3' ],
132 silly audit   'glob-parent': [ '5.1.2', '6.0.2' ],
132 silly audit   'fast-json-stable-stringify': [ '2.1.0' ],
132 silly audit   'fast-levenshtein': [ '2.0.6' ],
132 silly audit   fastq: [ '1.19.1' ],
132 silly audit   'fb-watchman': [ '2.0.2' ],
132 silly audit   fbjs: [ '3.0.5' ],
132 silly audit   'fbjs-css-vars': [ '1.0.2' ],
132 silly audit   promise: [ '7.3.1', '8.3.0' ],
132 silly audit   'ua-parser-js': [ '1.0.41', '0.7.41' ],
132 silly audit   fdir: [ '6.5.0' ],
132 silly audit   'file-entry-cache': [ '8.0.0' ],
132 silly audit   'file-uri-to-path': [ '1.0.0' ],
132 silly audit   'fill-range': [ '7.1.1' ],
132 silly audit   'filter-obj': [ '1.1.0' ],
132 silly audit   finalhandler: [ '1.1.2' ],
132 silly audit   'flat-cache': [ '4.0.1' ],
132 silly audit   flatted: [ '3.3.3' ],
132 silly audit   'flow-enums-runtime': [ '0.0.6' ],
132 silly audit   fontfaceobserver: [ '2.3.0' ],
132 silly audit   'for-each': [ '0.3.5' ],
132 silly audit   'foreground-child': [ '3.3.1' ],
132 silly audit   'freeport-async': [ '2.0.0' ],
132 silly audit   fresh: [ '0.5.2' ],
132 silly audit   'fs-constants': [ '1.0.0' ],
132 silly audit   'fs.realpath': [ '1.0.0' ],
132 silly audit   fsevents: [ '2.3.3' ],
132 silly audit   'function-bind': [ '1.1.2' ],
132 silly audit   'function.prototype.name': [ '1.1.8' ],
132 silly audit   'functions-have-names': [ '1.2.3' ],
132 silly audit   'generator-function': [ '2.0.1' ],
132 silly audit   gensync: [ '1.0.0-beta.2' ],
132 silly audit   'get-caller-file': [ '2.0.5' ],
132 silly audit   'get-intrinsic': [ '1.3.0' ],
132 silly audit   'get-package-type': [ '0.1.0' ],
132 silly audit   'get-proto': [ '1.0.1' ],
132 silly audit   'get-stream': [ '5.2.0' ],
132 silly audit   'get-symbol-description': [ '1.1.0' ],
132 silly audit   'get-tsconfig': [ '4.12.0' ],
132 silly audit   getenv: [ '2.0.0' ],
132 silly audit   'github-from-package': [ '0.0.0' ],
132 silly audit   globalthis: [ '1.0.4' ],
132 silly audit   gopd: [ '1.2.0' ],
132 silly audit   got: [ '11.8.6' ],
132 silly audit   'graceful-fs': [ '4.2.11' ],
132 silly audit   graphemer: [ '1.4.0' ],
132 silly audit   'has-bigints': [ '1.1.0' ],
132 silly audit   'has-property-descriptors': [ '1.0.2' ],
132 silly audit   'has-proto': [ '1.2.0' ],
132 silly audit   'has-symbols': [ '1.1.0' ],
132 silly audit   'has-tostringtag': [ '1.0.2' ],
132 silly audit   hasown: [ '2.0.2' ],
132 silly audit   he: [ '1.2.0' ],
132 silly audit   'hermes-estree': [ '0.25.1', '0.29.1' ],
132 silly audit   'hermes-parser': [ '0.25.1', '0.29.1' ],
132 silly audit   'hoist-non-react-statics': [ '3.3.2' ],
132 silly audit   'react-is': [ '16.13.1', '18.3.1', '19.2.0' ],
132 silly audit   hono: [ '4.10.1' ],
132 silly audit   'hosted-git-info': [ '7.0.2' ],
132 silly audit   'lru-cache': [ '10.4.3', '5.1.1' ],
132 silly audit   'html-minifier-terser': [ '6.1.0' ],
132 silly audit   'html-webpack-plugin': [ '5.6.4' ],
132 silly audit   html2canvas: [ '1.4.1' ],
132 silly audit   htmlparser2: [ '6.1.0' ],
132 silly audit   'http-cache-semantics': [ '4.2.0' ],
132 silly audit   'http-errors': [ '2.0.0' ],
132 silly audit   statuses: [ '2.0.1', '1.5.0' ],
132 silly audit   'http2-wrapper': [ '1.0.3' ],
132 silly audit   'https-proxy-agent': [ '7.0.6' ],
132 silly audit   'hyphenate-style-name': [ '1.1.0' ],
132 silly audit   ieee754: [ '1.2.1' ],
132 silly audit   'image-size': [ '1.2.1' ],
132 silly audit   imurmurhash: [ '0.1.4' ],
132 silly audit   inflight: [ '1.0.6' ],
132 silly audit   inherits: [ '2.0.4' ],
132 silly audit   ini: [ '1.3.8' ],
132 silly audit   'inline-style-prefixer': [ '7.0.1' ],
132 silly audit   'internal-slot': [ '1.1.0' ],
132 silly audit   invariant: [ '2.2.4' ],
132 silly audit   'is-arguments': [ '1.2.0' ],
132 silly audit   'is-array-buffer': [ '3.0.5' ],
132 silly audit   'is-arrayish': [ '0.2.1', '0.3.4' ],
132 silly audit   'is-async-function': [ '2.1.1' ],
132 silly audit   'is-bigint': [ '1.1.0' ],
132 silly audit   'is-boolean-object': [ '1.2.2' ],
132 silly audit   'is-bun-module': [ '2.0.0' ],
132 silly audit   'is-callable': [ '1.2.7' ],
132 silly audit   'is-core-module': [ '2.16.1' ],
132 silly audit   'is-data-view': [ '1.0.2' ],
132 silly audit   'is-date-object': [ '1.1.0' ],
132 silly audit   'is-directory': [ '0.3.1' ],
132 silly audit   'is-docker': [ '2.2.1' ],
132 silly audit   'is-extglob': [ '2.1.1' ],
132 silly audit   'is-finalizationregistry': [ '1.1.1' ],
132 silly audit   'is-fullwidth-code-point': [ '3.0.0' ],
132 silly audit   'is-generator-function': [ '1.1.2' ],
132 silly audit   'is-glob': [ '4.0.3' ],
132 silly audit   'is-map': [ '2.0.3' ],
132 silly audit   'is-nan': [ '1.3.2' ],
132 silly audit   'is-negative-zero': [ '2.0.3' ],
132 silly audit   'is-number': [ '7.0.0' ],
132 silly audit   'is-number-object': [ '1.1.1' ],
132 silly audit   'is-plain-obj': [ '2.1.0' ],
132 silly audit   'is-regex': [ '1.2.1' ],
132 silly audit   'is-set': [ '2.0.3' ],
132 silly audit   'is-shared-array-buffer': [ '1.0.4' ],
132 silly audit   'is-string': [ '1.1.1' ],
132 silly audit   'is-symbol': [ '1.1.1' ],
132 silly audit   'is-typed-array': [ '1.1.15' ],
132 silly audit   'is-weakmap': [ '2.0.2' ],
132 silly audit   'is-weakref': [ '1.1.1' ],
132 silly audit   'is-weakset': [ '2.0.4' ],
132 silly audit   'is-what': [ '4.1.16' ],
132 silly audit   'is-wsl': [ '2.2.0' ],
132 silly audit   isarray: [ '2.0.5' ],
132 silly audit   isexe: [ '2.0.0' ],
132 silly audit   'istanbul-lib-coverage': [ '3.2.2' ],
132 silly audit   'istanbul-lib-instrument': [ '5.2.1' ],
132 silly audit   'iterator.prototype': [ '1.1.5' ],
132 silly audit   jackspeak: [ '3.4.3' ],
132 silly audit   'jest-environment-node': [ '29.7.0' ],
132 silly audit   'jest-get-type': [ '29.6.3' ],
132 silly audit   'jest-haste-map': [ '29.7.0' ],
132 silly audit   'jest-message-util': [ '29.7.0' ],
132 silly audit   'jest-mock': [ '29.7.0' ],
132 silly audit   'jest-regex-util': [ '29.6.3' ],
132 silly audit   'jest-util': [ '29.7.0' ],
132 silly audit   'jest-validate': [ '29.7.0' ],
132 silly audit   'jest-worker': [ '29.7.0' ],
132 silly audit   'jimp-compact': [ '0.16.1' ],
132 silly audit   jose: [ '6.1.0' ],
132 silly audit   'js-tokens': [ '4.0.0' ],
132 silly audit   'jsc-safe-url': [ '0.2.4' ],
132 silly audit   jsesc: [ '3.1.0' ],
132 silly audit   'json-buffer': [ '3.0.1' ],
132 silly audit   'json-parse-better-errors': [ '1.0.2' ],
132 silly audit   'json-schema': [ '0.4.0' ],
132 silly audit   'json-schema-traverse': [ '0.4.1' ],
132 silly audit   'json-stable-stringify-without-jsonify': [ '1.0.1' ],
132 silly audit   json5: [ '2.2.3', '1.0.2' ],
132 silly audit   'jsx-ast-utils': [ '3.3.5' ],
132 silly audit   keyv: [ '4.5.4' ],
132 silly audit   kleur: [ '3.0.3' ],
132 silly audit   'lan-network': [ '0.1.7' ],
132 silly audit   leven: [ '3.1.0' ],
132 silly audit   levn: [ '0.4.1' ],
132 silly audit   'lighthouse-logger': [ '1.4.2' ],
132 silly audit   lightningcss: [ '1.27.0' ],
132 silly audit   'lightningcss-darwin-arm64': [ '1.27.0' ],
132 silly audit   'lightningcss-darwin-x64': [ '1.27.0' ],
132 silly audit   'lightningcss-freebsd-x64': [ '1.27.0' ],
132 silly audit   'lightningcss-linux-arm-gnueabihf': [ '1.27.0' ],
132 silly audit   'lightningcss-linux-arm64-gnu': [ '1.27.0' ],
132 silly audit   'lightningcss-linux-arm64-musl': [ '1.27.0' ],
132 silly audit   'lightningcss-linux-x64-gnu': [ '1.27.0' ],
132 silly audit   'lightningcss-linux-x64-musl': [ '1.27.0' ],
132 silly audit   'lightningcss-win32-arm64-msvc': [ '1.27.0' ],
132 silly audit   'lightningcss-win32-x64-msvc': [ '1.27.0' ],
132 silly audit   'lines-and-columns': [ '1.2.4' ],
132 silly audit   lodash: [ '4.17.21' ],
132 silly audit   'lodash.debounce': [ '4.0.8' ],
132 silly audit   'lodash.merge': [ '4.6.2' ],
132 silly audit   'lodash.throttle': [ '4.1.1' ],
132 silly audit   'log-symbols': [ '2.2.0' ],
132 silly audit   'loose-envify': [ '1.4.0' ],
132 silly audit   'lower-case': [ '2.0.2' ],
132 silly audit   'lowercase-keys': [ '2.0.0' ],
132 silly audit   'lucide-react-native': [ '0.536.0' ],
132 silly audit   makeerror: [ '1.0.12' ],
132 silly audit   marky: [ '1.3.0' ],
132 silly audit   'math-intrinsics': [ '1.1.0' ],
132 silly audit   'mdn-data': [ '2.0.14' ],
132 silly audit   'memoize-one': [ '5.2.1', '6.0.0' ],
132 silly audit   'merge-options': [ '3.0.4' ],
132 silly audit   'merge-stream': [ '2.0.0' ],
132 silly audit   merge2: [ '1.4.1' ],
132 silly audit   metro: [ '0.82.5' ],
132 silly audit   'metro-babel-transformer': [ '0.82.5' ],
132 silly audit   'metro-cache': [ '0.82.5' ],
132 silly audit   'metro-cache-key': [ '0.82.5' ],
132 silly audit   'metro-config': [ '0.82.5' ],
132 silly audit   'metro-core': [ '0.82.5' ],
132 silly audit   'metro-file-map': [ '0.82.5' ],
132 silly audit   'metro-minify-terser': [ '0.82.5' ],
132 silly audit   'metro-resolver': [ '0.82.5' ],
132 silly audit   'metro-runtime': [ '0.82.5' ],
132 silly audit   'metro-source-map': [ '0.82.5' ],
132 silly audit   'source-map': [ '0.5.7', '0.6.1' ],
132 silly audit   'metro-symbolicate': [ '0.82.5' ],
132 silly audit   'metro-transform-plugins': [ '0.82.5' ],
132 silly audit   'metro-transform-worker': [ '0.82.5' ],
132 silly audit   micromatch: [ '4.0.8' ],
132 silly audit   mime: [ '4.1.0', '1.6.0' ],
132 silly audit   'mime-db': [ '1.54.0', '1.52.0' ],
132 silly audit   'mime-types': [ '2.1.35' ],
132 silly audit   'mimic-fn': [ '1.2.0' ],
132 silly audit   minimist: [ '1.2.8' ],
132 silly audit   minipass: [ '7.1.2' ],
132 silly audit   minizlib: [ '3.1.0' ],
132 silly audit   mkdirp: [ '1.0.4' ],
132 silly audit   'mkdirp-classic': [ '0.5.3' ],
132 silly audit   mz: [ '2.7.0' ],
132 silly audit   nanoid: [ '3.3.11' ],
132 silly audit   'napi-build-utils': [ '2.0.0' ],
132 silly audit   'napi-postinstall': [ '0.3.4' ],
132 silly audit   nativewind: [ '4.2.1' ],
132 silly audit   'natural-compare': [ '1.4.0' ],
132 silly audit   'nested-error-stacks': [ '2.0.1' ],
132 silly audit   'no-case': [ '3.0.4' ],
132 silly audit   'node-abi': [ '3.78.0' ],
132 silly audit   'node-fetch': [ '2.7.0' ],
132 silly audit   'node-forge': [ '1.3.1' ],
132 silly audit   'node-int64': [ '0.4.0' ],
132 silly audit   'node-releases': [ '2.0.25' ],
132 silly audit   'normalize-path': [ '3.0.0' ],
132 silly audit   'normalize-url': [ '6.1.0' ],
132 silly audit   'npm-package-arg': [ '11.0.3' ],
132 silly audit   'nth-check': [ '2.1.1' ],
132 silly audit   nullthrows: [ '1.1.1' ],
132 silly audit   ob1: [ '0.82.5' ],
132 silly audit   'object-assign': [ '4.1.1' ],
132 silly audit   'object-inspect': [ '1.13.4' ],
132 silly audit   'object-is': [ '1.1.6' ],
132 silly audit   'object-keys': [ '1.1.1' ],
132 silly audit   'object.assign': [ '4.1.7' ],
132 silly audit   'object.entries': [ '1.1.9' ],
132 silly audit   'object.fromentries': [ '2.0.8' ],
132 silly audit   'object.groupby': [ '1.0.3' ],
132 silly audit   'object.values': [ '1.2.1' ],
132 silly audit   'on-finished': [ '2.3.0', '2.4.1' ],
132 silly audit   'on-headers': [ '1.1.0' ],
132 silly audit   once: [ '1.4.0' ],
132 silly audit   onetime: [ '2.0.1' ],
132 silly audit   optionator: [ '0.9.4' ],
132 silly audit   ora: [ '3.4.0' ],
132 silly audit   'own-keys': [ '1.0.1' ],
132 silly audit   'p-cancelable': [ '2.1.1' ],
132 silly audit   'p-try': [ '2.2.0' ],
132 silly audit   'package-json-from-dist': [ '1.0.1' ],
132 silly audit   'param-case': [ '3.0.4' ],
132 silly audit   'parent-module': [ '1.0.1' ],
132 silly audit   'parse-json': [ '4.0.0' ],
132 silly audit   'parse-png': [ '2.1.0' ],
132 silly audit   parseurl: [ '1.3.3' ],
132 silly audit   'pascal-case': [ '3.1.2' ],
132 silly audit   'path-exists': [ '4.0.0' ],
132 silly audit   'path-is-absolute': [ '1.0.1' ],
132 silly audit   'path-key': [ '3.1.1' ],
132 silly audit   'path-parse': [ '1.0.7' ],
132 silly audit   'path-scurry': [ '1.11.1' ],
132 silly audit   pg: [ '8.16.3' ],
132 silly audit   'pg-cloudflare': [ '1.2.7' ],
132 silly audit   'pg-connection-string': [ '2.9.1' ],
132 silly audit   'pg-int8': [ '1.0.1' ],
132 silly audit   'pg-pool': [ '3.10.1' ],
132 silly audit   'pg-protocol': [ '1.10.3' ],
132 silly audit   'pg-types': [ '2.2.0' ],
132 silly audit   pgpass: [ '1.0.5' ],
132 silly audit   picocolors: [ '1.1.1' ],
132 silly audit   pirates: [ '4.0.7' ],
132 silly audit   plist: [ '3.1.0' ],
132 silly audit   pngjs: [ '3.4.0', '5.0.0' ],
132 silly audit   'possible-typed-array-names': [ '1.1.0' ],
132 silly audit   postcss: [ '8.4.49' ],
132 silly audit   'postcss-value-parser': [ '4.2.0' ],
132 silly audit   'postgres-array': [ '2.0.0' ],
132 silly audit   'postgres-bytea': [ '1.0.0' ],
132 silly audit   'postgres-date': [ '1.0.7' ],
132 silly audit   'postgres-interval': [ '1.2.0' ],
132 silly audit   'prebuild-install': [ '7.1.3' ],
132 silly audit   'prelude-ls': [ '1.2.1' ],
132 silly audit   'pretty-bytes': [ '5.6.0' ],
132 silly audit   'pretty-error': [ '4.0.0' ],
132 silly audit   'pretty-format': [ '29.7.0' ],
132 silly audit   'proc-log': [ '4.2.0' ],
132 silly audit   progress: [ '2.0.3' ],
132 silly audit   prompts: [ '2.4.2' ],
132 silly audit   'prop-types': [ '15.8.1' ],
132 silly audit   pump: [ '3.0.3' ],
132 silly audit   punycode: [ '2.3.1' ],
132 silly audit   qrcode: [ '1.5.4' ],
132 silly audit   'qrcode-terminal': [ '0.11.0' ],
132 silly audit   y18n: [ '4.0.3', '5.0.8' ],
132 silly audit   yargs: [ '15.4.1', '17.7.2' ],
132 silly audit   'yargs-parser': [ '18.1.3', '21.1.1' ],
132 silly audit   'query-string': [ '7.1.3' ],
132 silly audit   queue: [ '6.0.2' ],
132 silly audit   'queue-microtask': [ '1.2.3' ],
132 silly audit   'quick-lru': [ '5.1.1' ],
132 silly audit   'range-parser': [ '1.2.1' ],
132 silly audit   rc: [ '1.2.8' ],
132 silly audit   'strip-json-comments': [ '2.0.1', '3.1.1' ],
132 silly audit   'react-devtools-core': [ '6.1.5' ],
132 silly audit   'react-fast-compare': [ '3.2.2' ],
132 silly audit   'react-freeze': [ '1.0.4' ],
132 silly audit   'react-native': [ '0.79.5' ],
132 silly audit   'react-native-css-interop': [ '0.2.1' ],
132 silly audit   'react-native-edge-to-edge': [ '1.6.0' ],
132 silly audit   'react-native-gesture-handler': [ '2.24.0' ],
132 silly audit   'react-native-is-edge-to-edge': [ '1.2.1' ],
132 silly audit   'react-native-qrcode-svg': [ '6.3.15' ],
132 silly audit   'react-native-safe-area-context': [ '5.4.0' ],
132 silly audit   'react-native-screens': [ '4.11.1' ],
132 silly audit   'react-native-svg': [ '15.11.2' ],
132 silly audit   'react-native-view-shot': [ '4.0.3' ],
132 silly audit   'react-native-web': [ '0.20.0' ],
132 silly audit   scheduler: [ '0.25.0' ],
132 silly audit   'react-refresh': [ '0.14.2' ],
132 silly audit   'readable-stream': [ '3.6.2' ],
132 silly audit   redis: [ '5.8.3' ],
132 silly audit   'reflect.getprototypeof': [ '1.0.10' ],
132 silly audit   regenerate: [ '1.4.2' ],
132 silly audit   'regenerate-unicode-properties': [ '10.2.2' ],
132 silly audit   'regenerator-runtime': [ '0.13.11' ],
132 silly audit   'regexp.prototype.flags': [ '1.5.4' ],
132 silly audit   'regexpu-core': [ '6.4.0' ],
132 silly audit   regjsgen: [ '0.8.0' ],
132 silly audit   regjsparser: [ '0.13.0' ],
132 silly audit   relateurl: [ '0.2.7' ],
132 silly audit   renderkid: [ '3.0.0' ],
132 silly audit   'require-directory': [ '2.1.1' ],
132 silly audit   'require-from-string': [ '2.0.2' ],
132 silly audit   'require-main-filename': [ '2.0.0' ],
132 silly audit   requireg: [ '0.2.2' ],
132 silly audit   'resolve-alpn': [ '1.2.1' ],
132 silly audit   'resolve-pkg-maps': [ '1.0.0' ],
132 silly audit   'resolve-workspace-root': [ '2.0.0' ],
132 silly audit   'resolve.exports': [ '2.0.3' ],
132 silly audit   responselike: [ '2.0.1' ],
132 silly audit   'restore-cursor': [ '2.0.0' ],
132 silly audit   'signal-exit': [ '3.0.7', '4.1.0' ],
132 silly audit   reusify: [ '1.1.0' ],
132 silly audit   rimraf: [ '3.0.2' ],
132 silly audit   'rtl-detect': [ '1.1.2' ],
132 silly audit   'run-parallel': [ '1.2.0' ],
132 silly audit   'safe-array-concat': [ '1.1.3' ],
132 silly audit   'safe-buffer': [ '5.2.1' ],
132 silly audit   'safe-push-apply': [ '1.0.0' ],
132 silly audit   'safe-regex-test': [ '1.1.0' ],
132 silly audit   sax: [ '1.4.1' ],
132 silly audit   send: [ '0.19.1', '0.19.0' ],
132 silly audit   'serialize-error': [ '2.1.0' ],
132 silly audit   'serve-static': [ '1.16.2' ],
132 silly audit   'server-only': [ '0.0.1' ],
132 silly audit   'set-blocking': [ '2.0.0' ],
132 silly audit   'set-function-length': [ '1.2.2' ],
132 silly audit   'set-function-name': [ '2.0.2' ],
132 silly audit   'set-proto': [ '1.0.0' ],
132 silly audit   setimmediate: [ '1.0.5' ],
132 silly audit   setprototypeof: [ '1.2.0' ],
132 silly audit   'sf-symbols-typescript': [ '2.1.0' ],
132 silly audit   shallowequal: [ '1.1.0' ],
132 silly audit   'shebang-command': [ '2.0.0' ],
132 silly audit   'shebang-regex': [ '3.0.0' ],
132 silly audit   'shell-quote': [ '1.8.3' ],
132 silly audit   'side-channel': [ '1.1.0' ],
132 silly audit   'side-channel-list': [ '1.0.0' ],
132 silly audit   'side-channel-map': [ '1.0.1' ],
132 silly audit   'side-channel-weakmap': [ '1.0.2' ],
132 silly audit   'simple-concat': [ '1.0.1' ],
132 silly audit   'simple-get': [ '4.0.1' ],
132 silly audit   'simple-plist': [ '1.3.1' ],
132 silly audit   'simple-swizzle': [ '0.2.4' ],
132 silly audit   sisteransi: [ '1.0.5' ],
132 silly audit   slash: [ '3.0.0' ],
132 silly audit   slugify: [ '1.6.6' ],
132 silly audit   'source-map-js': [ '1.2.1' ],
132 silly audit   'source-map-support': [ '0.5.21' ],
132 silly audit   'split-on-first': [ '1.1.0' ],
132 silly audit   split2: [ '4.2.0' ],
132 silly audit   'sprintf-js': [ '1.0.3' ],
132 silly audit   'stable-hash': [ '0.0.5' ],
132 silly audit   'stack-utils': [ '2.0.6' ],
132 silly audit   stackframe: [ '1.3.4' ],
132 silly audit   'stacktrace-parser': [ '0.1.11' ],
132 silly audit   'stop-iteration-iterator': [ '1.1.0' ],
132 silly audit   'stream-buffers': [ '2.2.0' ],
132 silly audit   'strict-uri-encode': [ '2.0.0' ],
132 silly audit   string_decoder: [ '1.3.0' ],
132 silly audit   'string.prototype.matchall': [ '4.0.12' ],
132 silly audit   'string.prototype.repeat': [ '1.0.0' ],
132 silly audit   'string.prototype.trim': [ '1.2.10' ],
132 silly audit   'string.prototype.trimend': [ '1.0.9' ],
132 silly audit   'string.prototype.trimstart': [ '1.0.8' ],
132 silly audit   'strip-bom': [ '3.0.0' ],
132 silly audit   'structured-headers': [ '0.4.1' ],
132 silly audit   styleq: [ '0.1.3' ],
132 silly audit   sucrase: [ '3.35.0' ],
132 silly audit   superjson: [ '2.2.2' ],
132 silly audit   'supports-hyperlinks': [ '2.3.0' ],
132 silly audit   'supports-preserve-symlinks-flag': [ '1.0.0' ],
132 silly audit   swr: [ '2.3.6' ],
132 silly audit   tapable: [ '2.3.0' ],
132 silly audit   tar: [ '7.5.1' ],
132 silly audit   'tar-fs': [ '2.1.4' ],
132 silly audit   'tar-stream': [ '2.2.0' ],
132 silly audit   yallist: [ '5.0.0', '3.1.1' ],
132 silly audit   'temp-dir': [ '2.0.0' ],
132 silly audit   'terminal-link': [ '2.1.1' ],
132 silly audit   terser: [ '5.44.0' ],
132 silly audit   'test-exclude': [ '6.0.0' ],
132 silly audit   'text-encoding': [ '0.7.0' ],
132 silly audit   'text-segmentation': [ '1.0.3' ],
132 silly audit   thenify: [ '3.3.1' ],
132 silly audit   'thenify-all': [ '1.6.0' ],
132 silly audit   throat: [ '5.0.0' ],
132 silly audit   throttleit: [ '2.1.0' ],
132 silly audit   tinyglobby: [ '0.2.15' ],
132 silly audit   tmpl: [ '1.0.5' ],
132 silly audit   'to-regex-range': [ '5.0.1' ],
132 silly audit   toidentifier: [ '1.0.1' ],
132 silly audit   tr46: [ '0.0.3' ],
132 silly audit   'ts-api-utils': [ '2.1.0' ],
132 silly audit   'ts-interface-checker': [ '0.1.13' ],
132 silly audit   'tsconfig-paths': [ '3.15.0' ],
132 silly audit   tslib: [ '2.8.1' ],
132 silly audit   'tunnel-agent': [ '0.6.0' ],
132 silly audit   'type-check': [ '0.4.0' ],
132 silly audit   'type-detect': [ '4.0.8' ],
132 silly audit   'typed-array-buffer': [ '1.0.3' ],
132 silly audit   'typed-array-byte-length': [ '1.0.3' ],
132 silly audit   'typed-array-byte-offset': [ '1.0.4' ],
132 silly audit   'typed-array-length': [ '1.0.7' ],
132 silly audit   typescript: [ '5.8.3' ],
132 silly audit   'unbox-primitive': [ '1.1.0' ],
132 silly audit   undici: [ '6.22.0' ],
132 silly audit   'undici-types': [ '7.14.0' ],
132 silly audit   'unicode-canonical-property-names-ecmascript': [ '2.0.1' ],
132 silly audit   'unicode-match-property-ecmascript': [ '2.0.0' ],
132 silly audit   'unicode-match-property-value-ecmascript': [ '2.2.1' ],
132 silly audit   'unicode-property-aliases-ecmascript': [ '2.2.0' ],
132 silly audit   'unique-string': [ '2.0.0' ],
132 silly audit   unpipe: [ '1.0.0' ],
132 silly audit   'unrs-resolver': [ '1.11.1' ],
132 silly audit   'update-browserslist-db': [ '1.1.3' ],
132 silly audit   'uri-js': [ '4.4.1' ],
132 silly audit   'use-latest-callback': [ '0.2.6' ],
132 silly audit   'use-sync-external-store': [ '1.6.0' ],
132 silly audit   util: [ '0.12.5' ],
132 silly audit   'util-deprecate': [ '1.0.2' ],
132 silly audit   utila: [ '0.4.0' ],
132 silly audit   'utils-merge': [ '1.0.1' ],
132 silly audit   utrie: [ '1.0.2' ],
132 silly audit   uuid: [ '3.4.0', '7.0.3' ],
132 silly audit   'validate-npm-package-name': [ '5.0.1' ],
132 silly audit   vary: [ '1.1.2' ],
132 silly audit   vlq: [ '1.0.1' ],
132 silly audit   walker: [ '1.0.8' ],
132 silly audit   'warn-once': [ '0.1.1' ],
132 silly audit   wcwidth: [ '1.0.1' ],
132 silly audit   'webidl-conversions': [ '3.0.1', '5.0.0' ],
132 silly audit   'whatwg-fetch': [ '3.6.20' ],
132 silly audit   'whatwg-url': [ '5.0.0' ],
132 silly audit   'whatwg-url-without-unicode': [ '8.0.0-3' ],
132 silly audit   which: [ '2.0.2' ],
132 silly audit   'which-boxed-primitive': [ '1.1.1' ],
132 silly audit   'which-builtin-type': [ '1.2.1' ],
132 silly audit   'which-collection': [ '1.0.2' ],
132 silly audit   'which-module': [ '2.0.1' ],
132 silly audit   'which-typed-array': [ '1.1.19' ],
132 silly audit   wonka: [ '6.3.5' ],
132 silly audit   'word-wrap': [ '1.2.5' ],
132 silly audit   wrappy: [ '1.0.2' ],
132 silly audit   'write-file-atomic': [ '4.0.2' ],
132 silly audit   xcode: [ '3.0.1' ],
132 silly audit   xml2js: [ '0.6.0' ],
132 silly audit   xmlbuilder: [ '11.0.1', '15.1.1' ],
132 silly audit   xtend: [ '4.0.2' ],
132 silly audit   yaml: [ '1.10.2', '2.8.1' ],
132 silly audit   'yocto-queue': [ '0.1.0' ],
132 silly audit   zod: [ '4.1.12' ],
132 silly audit   zustand: [ '5.0.8' ],
132 silly audit   react: [ '19.0.0' ],
132 silly audit   'react-dom': [ '19.0.0' ],
132 silly audit   'react-native-reanimated': [ '4.1.3' ],
132 silly audit   'react-native-worklets': [ '0.6.1' ],
132 silly audit   tailwindcss: [ '3.4.18' ],
132 silly audit   '@babel/plugin-transform-template-literals': [ '7.27.1' ],
132 silly audit   '@alloc/quick-lru': [ '5.2.0' ],
132 silly audit   chokidar: [ '3.6.0' ],
132 silly audit   didyoumean: [ '1.2.2' ],
132 silly audit   dlv: [ '1.1.3' ],
132 silly audit   jiti: [ '1.21.7' ],
132 silly audit   lilconfig: [ '3.1.3' ],
132 silly audit   'object-hash': [ '3.0.0' ],
132 silly audit   'postcss-import': [ '15.1.0' ],
132 silly audit   'postcss-js': [ '4.1.0' ],
132 silly audit   'postcss-load-config': [ '6.0.1' ],
132 silly audit   'postcss-nested': [ '6.2.0' ],
132 silly audit   'postcss-selector-parser': [ '6.1.2' ],
132 silly audit   'is-binary-path': [ '2.1.0' ],
132 silly audit   readdirp: [ '3.6.0' ],
132 silly audit   'binary-extensions': [ '2.3.0' ],
132 silly audit   'read-cache': [ '1.0.0' ],
132 silly audit   'camelcase-css': [ '2.0.1' ],
132 silly audit   cssesc: [ '3.0.0' ],
132 silly audit   pify: [ '2.3.0' ]
132 silly audit }
133 verbose reify failed optional dependency /Users/mathapelomolefe/Downloads/rork-vibesync-458/node_modules/lightningcss-win32-x64-msvc
134 silly reify mark deleted [
134 silly reify   '/Users/mathapelomolefe/Downloads/rork-vibesync-458/node_modules/lightningcss-win32-x64-msvc'
134 silly reify ]
135 verbose reify failed optional dependency /Users/mathapelomolefe/Downloads/rork-vibesync-458/node_modules/lightningcss-win32-arm64-msvc
136 silly reify mark deleted [
136 silly reify   '/Users/mathapelomolefe/Downloads/rork-vibesync-458/node_modules/lightningcss-win32-arm64-msvc'
136 silly reify ]
137 verbose reify failed optional dependency /Users/mathapelomolefe/Downloads/rork-vibesync-458/node_modules/lightningcss-linux-x64-musl
138 silly reify mark deleted [
138 silly reify   '/Users/mathapelomolefe/Downloads/rork-vibesync-458/node_modules/lightningcss-linux-x64-musl'
138 silly reify ]
139 verbose reify failed optional dependency /Users/mathapelomolefe/Downloads/rork-vibesync-458/node_modules/lightningcss-linux-x64-gnu
140 silly reify mark deleted [
140 silly reify   '/Users/mathapelomolefe/Downloads/rork-vibesync-458/node_modules/lightningcss-linux-x64-gnu'
140 silly reify ]
141 verbose reify failed optional dependency /Users/mathapelomolefe/Downloads/rork-vibesync-458/node_modules/lightningcss-linux-arm64-musl
142 silly reify mark deleted [
142 silly reify   '/Users/mathapelomolefe/Downloads/rork-vibesync-458/node_modules/lightningcss-linux-arm64-musl'
142 silly reify ]
143 verbose reify failed optional dependency /Users/mathapelomolefe/Downloads/rork-vibesync-458/node_modules/lightningcss-linux-arm64-gnu
144 silly reify mark deleted [
144 silly reify   '/Users/mathapelomolefe/Downloads/rork-vibesync-458/node_modules/lightningcss-linux-arm64-gnu'
144 silly reify ]
145 verbose reify failed optional dependency /Users/mathapelomolefe/Downloads/rork-vibesync-458/node_modules/lightningcss-linux-arm-gnueabihf
146 silly reify mark deleted [
146 silly reify   '/Users/mathapelomolefe/Downloads/rork-vibesync-458/node_modules/lightningcss-linux-arm-gnueabihf'
146 silly reify ]
147 verbose reify failed optional dependency /Users/mathapelomolefe/Downloads/rork-vibesync-458/node_modules/lightningcss-freebsd-x64
148 silly reify mark deleted [
148 silly reify   '/Users/mathapelomolefe/Downloads/rork-vibesync-458/node_modules/lightningcss-freebsd-x64'
148 silly reify ]
149 verbose reify failed optional dependency /Users/mathapelomolefe/Downloads/rork-vibesync-458/node_modules/lightningcss-darwin-x64
150 silly reify mark deleted [
150 silly reify   '/Users/mathapelomolefe/Downloads/rork-vibesync-458/node_modules/lightningcss-darwin-x64'
150 silly reify ]
151 verbose reify failed optional dependency /Users/mathapelomolefe/Downloads/rork-vibesync-458/node_modules/@unrs/resolver-binding-win32-x64-msvc
152 silly reify mark deleted [
152 silly reify   '/Users/mathapelomolefe/Downloads/rork-vibesync-458/node_modules/@unrs/resolver-binding-win32-x64-msvc'
152 silly reify ]
153 verbose reify failed optional dependency /Users/mathapelomolefe/Downloads/rork-vibesync-458/node_modules/@unrs/resolver-binding-win32-ia32-msvc
154 silly reify mark deleted [
154 silly reify   '/Users/mathapelomolefe/Downloads/rork-vibesync-458/node_modules/@unrs/resolver-binding-win32-ia32-msvc'
154 silly reify ]
155 verbose reify failed optional dependency /Users/mathapelomolefe/Downloads/rork-vibesync-458/node_modules/@unrs/resolver-binding-win32-arm64-msvc
156 silly reify mark deleted [
156 silly reify   '/Users/mathapelomolefe/Downloads/rork-vibesync-458/node_modules/@unrs/resolver-binding-win32-arm64-msvc'
156 silly reify ]
157 verbose reify failed optional dependency /Users/mathapelomolefe/Downloads/rork-vibesync-458/node_modules/@unrs/resolver-binding-wasm32-wasi
158 silly reify mark deleted [
158 silly reify   '/Users/mathapelomolefe/Downloads/rork-vibesync-458/node_modules/@unrs/resolver-binding-wasm32-wasi'
158 silly reify ]
159 verbose reify failed optional dependency /Users/mathapelomolefe/Downloads/rork-vibesync-458/node_modules/@napi-rs/wasm-runtime
160 silly reify mark deleted [
160 silly reify   '/Users/mathapelomolefe/Downloads/rork-vibesync-458/node_modules/@napi-rs/wasm-runtime'
160 silly reify ]
161 verbose reify failed optional dependency /Users/mathapelomolefe/Downloads/rork-vibesync-458/node_modules/@emnapi/core
162 silly reify mark deleted [
162 silly reify   '/Users/mathapelomolefe/Downloads/rork-vibesync-458/node_modules/@emnapi/core'
162 silly reify ]
163 verbose reify failed optional dependency /Users/mathapelomolefe/Downloads/rork-vibesync-458/node_modules/@emnapi/runtime
164 silly reify mark deleted [
164 silly reify   '/Users/mathapelomolefe/Downloads/rork-vibesync-458/node_modules/@emnapi/runtime'
164 silly reify ]
165 verbose reify failed optional dependency /Users/mathapelomolefe/Downloads/rork-vibesync-458/node_modules/@tybys/wasm-util
166 silly reify mark deleted [
166 silly reify   '/Users/mathapelomolefe/Downloads/rork-vibesync-458/node_modules/@tybys/wasm-util'
166 silly reify ]
167 verbose reify failed optional dependency /Users/mathapelomolefe/Downloads/rork-vibesync-458/node_modules/@emnapi/wasi-threads
168 silly reify mark deleted [
168 silly reify   '/Users/mathapelomolefe/Downloads/rork-vibesync-458/node_modules/@emnapi/wasi-threads'
168 silly reify ]
169 verbose reify failed optional dependency /Users/mathapelomolefe/Downloads/rork-vibesync-458/node_modules/@unrs/resolver-binding-linux-x64-musl
170 silly reify mark deleted [
170 silly reify   '/Users/mathapelomolefe/Downloads/rork-vibesync-458/node_modules/@unrs/resolver-binding-linux-x64-musl'
170 silly reify ]
171 verbose reify failed optional dependency /Users/mathapelomolefe/Downloads/rork-vibesync-458/node_modules/@unrs/resolver-binding-linux-x64-gnu
172 silly reify mark deleted [
172 silly reify   '/Users/mathapelomolefe/Downloads/rork-vibesync-458/node_modules/@unrs/resolver-binding-linux-x64-gnu'
172 silly reify ]
173 verbose reify failed optional dependency /Users/mathapelomolefe/Downloads/rork-vibesync-458/node_modules/@unrs/resolver-binding-linux-s390x-gnu
174 silly reify mark deleted [
174 silly reify   '/Users/mathapelomolefe/Downloads/rork-vibesync-458/node_modules/@unrs/resolver-binding-linux-s390x-gnu'
174 silly reify ]
175 verbose reify failed optional dependency /Users/mathapelomolefe/Downloads/rork-vibesync-458/node_modules/@unrs/resolver-binding-linux-riscv64-musl
176 silly reify mark deleted [
176 silly reify   '/Users/mathapelomolefe/Downloads/rork-vibesync-458/node_modules/@unrs/resolver-binding-linux-riscv64-musl'
176 silly reify ]
177 verbose reify failed optional dependency /Users/mathapelomolefe/Downloads/rork-vibesync-458/node_modules/@unrs/resolver-binding-linux-riscv64-gnu
178 silly reify mark deleted [
178 silly reify   '/Users/mathapelomolefe/Downloads/rork-vibesync-458/node_modules/@unrs/resolver-binding-linux-riscv64-gnu'
178 silly reify ]
179 verbose reify failed optional dependency /Users/mathapelomolefe/Downloads/rork-vibesync-458/node_modules/@unrs/resolver-binding-linux-ppc64-gnu
180 silly reify mark deleted [
180 silly reify   '/Users/mathapelomolefe/Downloads/rork-vibesync-458/node_modules/@unrs/resolver-binding-linux-ppc64-gnu'
180 silly reify ]
181 verbose reify failed optional dependency /Users/mathapelomolefe/Downloads/rork-vibesync-458/node_modules/@unrs/resolver-binding-linux-arm64-musl
182 silly reify mark deleted [
182 silly reify   '/Users/mathapelomolefe/Downloads/rork-vibesync-458/node_modules/@unrs/resolver-binding-linux-arm64-musl'
182 silly reify ]
183 verbose reify failed optional dependency /Users/mathapelomolefe/Downloads/rork-vibesync-458/node_modules/@unrs/resolver-binding-linux-arm64-gnu
184 silly reify mark deleted [
184 silly reify   '/Users/mathapelomolefe/Downloads/rork-vibesync-458/node_modules/@unrs/resolver-binding-linux-arm64-gnu'
184 silly reify ]
185 verbose reify failed optional dependency /Users/mathapelomolefe/Downloads/rork-vibesync-458/node_modules/@unrs/resolver-binding-linux-arm-musleabihf
186 silly reify mark deleted [
186 silly reify   '/Users/mathapelomolefe/Downloads/rork-vibesync-458/node_modules/@unrs/resolver-binding-linux-arm-musleabihf'
186 silly reify ]
187 verbose reify failed optional dependency /Users/mathapelomolefe/Downloads/rork-vibesync-458/node_modules/@unrs/resolver-binding-linux-arm-gnueabihf
188 silly reify mark deleted [
188 silly reify   '/Users/mathapelomolefe/Downloads/rork-vibesync-458/node_modules/@unrs/resolver-binding-linux-arm-gnueabihf'
188 silly reify ]
189 verbose reify failed optional dependency /Users/mathapelomolefe/Downloads/rork-vibesync-458/node_modules/@unrs/resolver-binding-freebsd-x64
190 silly reify mark deleted [
190 silly reify   '/Users/mathapelomolefe/Downloads/rork-vibesync-458/node_modules/@unrs/resolver-binding-freebsd-x64'
190 silly reify ]
191 verbose reify failed optional dependency /Users/mathapelomolefe/Downloads/rork-vibesync-458/node_modules/@unrs/resolver-binding-darwin-x64
192 silly reify mark deleted [
192 silly reify   '/Users/mathapelomolefe/Downloads/rork-vibesync-458/node_modules/@unrs/resolver-binding-darwin-x64'
192 silly reify ]
193 verbose reify failed optional dependency /Users/mathapelomolefe/Downloads/rork-vibesync-458/node_modules/@unrs/resolver-binding-android-arm64
194 silly reify mark deleted [
194 silly reify   '/Users/mathapelomolefe/Downloads/rork-vibesync-458/node_modules/@unrs/resolver-binding-android-arm64'
194 silly reify ]
195 verbose reify failed optional dependency /Users/mathapelomolefe/Downloads/rork-vibesync-458/node_modules/@unrs/resolver-binding-android-arm-eabi
196 silly reify mark deleted [
196 silly reify   '/Users/mathapelomolefe/Downloads/rork-vibesync-458/node_modules/@unrs/resolver-binding-android-arm-eabi'
196 silly reify ]
197 verbose reify failed optional dependency /Users/mathapelomolefe/Downloads/rork-vibesync-458/node_modules/@expo/ngrok-bin-win32-x64
198 silly reify mark deleted [
198 silly reify   '/Users/mathapelomolefe/Downloads/rork-vibesync-458/node_modules/@expo/ngrok-bin-win32-x64'
198 silly reify ]
199 verbose reify failed optional dependency /Users/mathapelomolefe/Downloads/rork-vibesync-458/node_modules/@expo/ngrok-bin-win32-ia32
200 silly reify mark deleted [
200 silly reify   '/Users/mathapelomolefe/Downloads/rork-vibesync-458/node_modules/@expo/ngrok-bin-win32-ia32'
200 silly reify ]
201 verbose reify failed optional dependency /Users/mathapelomolefe/Downloads/rork-vibesync-458/node_modules/@expo/ngrok-bin-sunos-x64
202 silly reify mark deleted [
202 silly reify   '/Users/mathapelomolefe/Downloads/rork-vibesync-458/node_modules/@expo/ngrok-bin-sunos-x64'
202 silly reify ]
203 verbose reify failed optional dependency /Users/mathapelomolefe/Downloads/rork-vibesync-458/node_modules/@expo/ngrok-bin-linux-x64
204 silly reify mark deleted [
204 silly reify   '/Users/mathapelomolefe/Downloads/rork-vibesync-458/node_modules/@expo/ngrok-bin-linux-x64'
204 silly reify ]
205 verbose reify failed optional dependency /Users/mathapelomolefe/Downloads/rork-vibesync-458/node_modules/@expo/ngrok-bin-linux-ia32
206 silly reify mark deleted [
206 silly reify   '/Users/mathapelomolefe/Downloads/rork-vibesync-458/node_modules/@expo/ngrok-bin-linux-ia32'
206 silly reify ]
207 verbose reify failed optional dependency /Users/mathapelomolefe/Downloads/rork-vibesync-458/node_modules/@expo/ngrok-bin-linux-arm64
208 silly reify mark deleted [
208 silly reify   '/Users/mathapelomolefe/Downloads/rork-vibesync-458/node_modules/@expo/ngrok-bin-linux-arm64'
208 silly reify ]
209 verbose reify failed optional dependency /Users/mathapelomolefe/Downloads/rork-vibesync-458/node_modules/@expo/ngrok-bin-linux-arm
210 silly reify mark deleted [
210 silly reify   '/Users/mathapelomolefe/Downloads/rork-vibesync-458/node_modules/@expo/ngrok-bin-linux-arm'
210 silly reify ]
211 verbose reify failed optional dependency /Users/mathapelomolefe/Downloads/rork-vibesync-458/node_modules/@expo/ngrok-bin-freebsd-x64
212 silly reify mark deleted [
212 silly reify   '/Users/mathapelomolefe/Downloads/rork-vibesync-458/node_modules/@expo/ngrok-bin-freebsd-x64'
212 silly reify ]
213 verbose reify failed optional dependency /Users/mathapelomolefe/Downloads/rork-vibesync-458/node_modules/@expo/ngrok-bin-freebsd-ia32
214 silly reify mark deleted [
214 silly reify   '/Users/mathapelomolefe/Downloads/rork-vibesync-458/node_modules/@expo/ngrok-bin-freebsd-ia32'
214 silly reify ]
215 verbose reify failed optional dependency /Users/mathapelomolefe/Downloads/rork-vibesync-458/node_modules/@expo/ngrok-bin-darwin-x64
216 silly reify mark deleted [
216 silly reify   '/Users/mathapelomolefe/Downloads/rork-vibesync-458/node_modules/@expo/ngrok-bin-darwin-x64'
216 silly reify ]
217 silly tarball no local data for camelcase-css@https://registry.npmjs.org/camelcase-css/-/camelcase-css-2.0.1.tgz. Extracting by manifest.
218 silly tarball no local data for read-cache@https://registry.npmjs.org/read-cache/-/read-cache-1.0.0.tgz. Extracting by manifest.
219 silly tarball no local data for postcss-nested@https://registry.npmjs.org/postcss-nested/-/postcss-nested-6.2.0.tgz. Extracting by manifest.
220 silly tarball no local data for postcss-js@https://registry.npmjs.org/postcss-js/-/postcss-js-4.1.0.tgz. Extracting by manifest.
221 silly tarball no local data for postcss-import@https://registry.npmjs.org/postcss-import/-/postcss-import-15.1.0.tgz. Extracting by manifest.
222 silly tarball no local data for lilconfig@https://registry.npmjs.org/lilconfig/-/lilconfig-3.1.3.tgz. Extracting by manifest.
223 silly tarball no local data for object-hash@https://registry.npmjs.org/object-hash/-/object-hash-3.0.0.tgz. Extracting by manifest.
224 silly tarball no local data for jiti@https://registry.npmjs.org/jiti/-/jiti-1.21.7.tgz. Extracting by manifest.
225 silly tarball no local data for dlv@https://registry.npmjs.org/dlv/-/dlv-1.1.3.tgz. Extracting by manifest.
226 silly tarball no local data for didyoumean@https://registry.npmjs.org/didyoumean/-/didyoumean-1.2.2.tgz. Extracting by manifest.
227 silly tarball no local data for @alloc/quick-lru@https://registry.npmjs.org/@alloc/quick-lru/-/quick-lru-5.2.0.tgz. Extracting by manifest.
228 silly tarball no local data for @babel/plugin-transform-template-literals@https://registry.npmjs.org/@babel/plugin-transform-template-literals/-/plugin-transform-template-literals-7.27.1.tgz. Extracting by manifest.
229 silly tarball no local data for react-native-worklets@https://registry.npmjs.org/react-native-worklets/-/react-native-worklets-0.6.1.tgz. Extracting by manifest.
230 silly tarball no local data for react-native-reanimated@https://registry.npmjs.org/react-native-reanimated/-/react-native-reanimated-4.1.3.tgz. Extracting by manifest.
231 silly tarball no local data for tailwindcss@https://registry.npmjs.org/tailwindcss/-/tailwindcss-3.4.18.tgz. Extracting by manifest.
232 silly tarball no local data for react-dom@https://registry.npmjs.org/react-dom/-/react-dom-19.0.0.tgz. Extracting by manifest.
233 silly tarball no local data for react@https://registry.npmjs.org/react/-/react-19.0.0.tgz. Extracting by manifest.
234 silly tarball no local data for yaml@https://registry.npmjs.org/yaml/-/yaml-2.8.1.tgz. Extracting by manifest.
235 silly tarball no local data for postcss-load-config@https://registry.npmjs.org/postcss-load-config/-/postcss-load-config-6.0.1.tgz. Extracting by manifest.
236 silly tarball no local data for semver@https://registry.npmjs.org/semver/-/semver-7.7.2.tgz. Extracting by manifest.
237 silly tarball no local data for semver@https://registry.npmjs.org/semver/-/semver-7.7.2.tgz. Extracting by manifest.
238 http fetch GET 200 https://registry.npmjs.org/postcss-js/-/postcss-js-4.1.0.tgz 117ms (cache miss)
239 http fetch GET 200 https://registry.npmjs.org/read-cache/-/read-cache-1.0.0.tgz 118ms (cache miss)
240 http fetch GET 200 https://registry.npmjs.org/lilconfig/-/lilconfig-3.1.3.tgz 117ms (cache miss)
241 http fetch GET 200 https://registry.npmjs.org/postcss-import/-/postcss-import-15.1.0.tgz 119ms (cache miss)
242 http fetch GET 200 https://registry.npmjs.org/camelcase-css/-/camelcase-css-2.0.1.tgz 126ms (cache miss)
243 http fetch GET 200 https://registry.npmjs.org/postcss-nested/-/postcss-nested-6.2.0.tgz 127ms (cache miss)
244 http fetch GET 200 https://registry.npmjs.org/react/-/react-19.0.0.tgz 172ms (cache miss)
245 http fetch GET 200 https://registry.npmjs.org/yaml/-/yaml-2.8.1.tgz 258ms (cache miss)
246 http fetch GET 200 https://registry.npmjs.org/postcss-load-config/-/postcss-load-config-6.0.1.tgz 292ms (cache miss)
247 http fetch GET 200 https://registry.npmjs.org/semver/-/semver-7.7.2.tgz 232ms (cache miss)
248 http fetch GET 200 https://registry.npmjs.org/dlv/-/dlv-1.1.3.tgz 342ms (cache miss)
249 http fetch GET 200 https://registry.npmjs.org/semver/-/semver-7.7.2.tgz 258ms (cache miss)
250 http fetch GET 200 https://registry.npmjs.org/@babel/plugin-transform-template-literals/-/plugin-transform-template-literals-7.27.1.tgz 388ms (cache miss)
251 http fetch GET 200 https://registry.npmjs.org/object-hash/-/object-hash-3.0.0.tgz 391ms (cache miss)
252 http fetch GET 200 https://registry.npmjs.org/didyoumean/-/didyoumean-1.2.2.tgz 430ms (cache miss)
253 http fetch POST 200 https://registry.npmjs.org/-/npm/v1/security/advisories/bulk 483ms
254 silly audit report {}
255 http fetch GET 200 https://registry.npmjs.org/@alloc/quick-lru/-/quick-lru-5.2.0.tgz 471ms (cache miss)
256 http fetch GET 200 https://registry.npmjs.org/react-native-worklets/-/react-native-worklets-0.6.1.tgz 559ms (cache miss)
257 http fetch GET 200 https://registry.npmjs.org/tailwindcss/-/tailwindcss-3.4.18.tgz 942ms (cache miss)
258 http fetch GET 200 https://registry.npmjs.org/jiti/-/jiti-1.21.7.tgz 1003ms (cache miss)
259 http fetch GET 200 https://registry.npmjs.org/react-native-reanimated/-/react-native-reanimated-4.1.3.tgz 1260ms (cache miss)
260 http fetch GET 200 https://registry.npmjs.org/react-dom/-/react-dom-19.0.0.tgz 2213ms (cache miss)
261 silly ADD node_modules/pify
262 silly ADD node_modules/cssesc
263 silly ADD node_modules/camelcase-css
264 silly ADD node_modules/read-cache
265 silly ADD node_modules/binary-extensions
266 silly ADD node_modules/readdirp
267 silly ADD node_modules/readdirp/node_modules/picomatch
268 silly ADD node_modules/is-binary-path
269 silly ADD node_modules/postcss-selector-parser
270 silly ADD node_modules/postcss-nested
271 silly ADD node_modules/postcss-js
272 silly ADD node_modules/postcss-import
273 silly ADD node_modules/object-hash
274 silly ADD node_modules/lilconfig
275 silly ADD node_modules/jiti
276 silly ADD node_modules/dlv
277 silly ADD node_modules/didyoumean
278 silly ADD node_modules/chokidar
279 silly ADD node_modules/chokidar/node_modules/glob-parent
280 silly ADD node_modules/@alloc/quick-lru
281 silly ADD node_modules/@babel/plugin-transform-template-literals
282 silly ADD node_modules/tailwindcss
283 silly ADD node_modules/tailwindcss/node_modules/yaml
284 silly ADD node_modules/tailwindcss/node_modules/postcss-load-config
285 silly ADD node_modules/react-native-worklets
286 silly ADD node_modules/react-native-worklets/node_modules/semver
287 silly ADD node_modules/react-native-reanimated
288 silly ADD node_modules/react-native-reanimated/node_modules/semver
289 silly ADD
290 silly ADD
291 silly ADD
292 silly ADD
293 silly ADD
294 silly ADD
295 silly ADD
296 silly ADD
297 silly ADD
298 silly ADD node_modules/fsevents
299 silly ADD
300 silly ADD
301 silly ADD
302 silly ADD
303 silly ADD
304 silly ADD
305 silly ADD
306 silly ADD
307 silly ADD
308 silly ADD
309 silly ADD
310 silly ADD
311 silly ADD
312 silly ADD
313 silly ADD
314 silly ADD
315 silly ADD
316 silly ADD
317 silly ADD
318 silly ADD
319 silly ADD
320 silly ADD
321 silly ADD
322 silly ADD
323 silly ADD
324 silly ADD
325 silly ADD
326 silly ADD
327 silly ADD
328 silly ADD
329 silly ADD
330 silly ADD
331 silly ADD
332 silly CHANGE node_modules/scheduler
333 silly REMOVE node_modules/react-native/node_modules/scheduler
334 silly CHANGE node_modules/react-dom
335 silly CHANGE node_modules/react
336 verbose exit 0
337 info ok
