0 verbose cli /usr/local/bin/node /usr/local/bin/npm
1 info using npm@10.7.0
2 info using node@v18.20.4
3 silly config:load:file:/usr/local/lib/node_modules/npm/npmrc
4 silly config:load:file:/Users/mathapelomolefe/Downloads/rork-vibesync-458/.npmrc
5 silly config:load:file:/Users/mathapelomolefe/.npmrc
6 silly config:load:file:/usr/local/etc/npmrc
7 verbose title npm install
8 verbose argv "install"
9 verbose logfile logs-max:10 dir:/Users/mathapelomolefe/Downloads/rork-vibesync-458/npm-cache/_logs/2025-10-17T17_53_47_548Z-
10 verbose logfile /Users/mathapelomolefe/Downloads/rork-vibesync-458/npm-cache/_logs/2025-10-17T17_53_47_548Z-debug-0.log
11 silly logfile start cleaning logs, removing 1 files
12 silly logfile done cleaning log files
13 silly idealTree buildDeps
14 silly fetch manifest expo@^49.0.7 || ^50.0.0-0
15 http fetch GET 200 https://registry.npmjs.org/expo 279ms (cache revalidated)
16 verbose stack Error: could not resolve
16 verbose stack     at PlaceDep.failPeerConflict (/usr/local/lib/node_modules/npm/node_modules/@npmcli/arborist/lib/place-dep.js:503:25)
16 verbose stack     at new PlaceDep (/usr/local/lib/node_modules/npm/node_modules/@npmcli/arborist/lib/place-dep.js:157:21)
16 verbose stack     at #buildDepStep (/usr/local/lib/node_modules/npm/node_modules/@npmcli/arborist/lib/arborist/build-ideal-tree.js:939:18)
16 verbose stack     at async Arborist.buildIdealTree (/usr/local/lib/node_modules/npm/node_modules/@npmcli/arborist/lib/arborist/build-ideal-tree.js:203:7)
16 verbose stack     at async Promise.all (index 1)
16 verbose stack     at async Arborist.reify (/usr/local/lib/node_modules/npm/node_modules/@npmcli/arborist/lib/arborist/reify.js:131:5)
16 verbose stack     at async Install.exec (/usr/local/lib/node_modules/npm/lib/commands/install.js:150:5)
16 verbose stack     at async module.exports (/usr/local/lib/node_modules/npm/lib/cli/entry.js:74:5)
17 verbose cwd /Users/mathapelomolefe/Downloads/rork-vibesync-458
18 verbose Darwin 24.3.0
19 verbose node v18.20.4
20 verbose npm  v10.7.0
21 error code ERESOLVE
22 error ERESOLVE could not resolve
23 error
24 error While resolving: @expo/webpack-config@19.0.1
24 error Found: expo@53.0.23
24 error node_modules/expo
24 error   expo@"~53.0.23" from the root project
24 error   peer expo@"*" from expo-application@6.1.5
24 error   node_modules/expo-application
24 error     expo-application@"~6.1.5" from expo-auth-session@6.2.1
24 error     node_modules/expo-auth-session
24 error       expo-auth-session@"~6.2.1" from the root project
24 error     expo-application@"~6.1.5" from expo-notifications@0.31.4
24 error     node_modules/expo-notifications
24 error       expo-notifications@"~0.31.4" from the root project
24 error   29 more (expo-asset, expo-av, expo-blur, expo-camera, ...)
24 error
24 error Could not resolve dependency:
24 error peer expo@"^49.0.7 || ^50.0.0-0" from @expo/webpack-config@19.0.1
24 error node_modules/@expo/webpack-config
24 error   @expo/webpack-config@"^19.0.0" from the root project
24 error
24 error Conflicting peer dependency: expo@50.0.21
24 error node_modules/expo
24 error   peer expo@"^49.0.7 || ^50.0.0-0" from @expo/webpack-config@19.0.1
24 error   node_modules/@expo/webpack-config
24 error     @expo/webpack-config@"^19.0.0" from the root project
24 error
24 error Fix the upstream dependency conflict, or retry
24 error this command with --force or --legacy-peer-deps
24 error to accept an incorrect (and potentially broken) dependency resolution.
25 error
25 error
25 error For a full report see:
25 error /Users/mathapelomolefe/Downloads/rork-vibesync-458/npm-cache/_logs/2025-10-17T17_53_47_548Z-eresolve-report.txt
26 verbose exit 1
27 verbose code 1
28 silly unfinished npm timer reify 1760723627931
29 silly unfinished npm timer reify:loadTrees 1760723627932
30 silly unfinished npm timer idealTree:buildDeps 1760723628745
31 silly unfinished npm timer idealTree:node_modules/@expo/webpack-config 1760723628746
32 error A complete log of this run can be found in: /Users/mathapelomolefe/Downloads/rork-vibesync-458/npm-cache/_logs/2025-10-17T17_53_47_548Z-debug-0.log
