0 verbose cli /usr/local/bin/node /usr/local/bin/npm
1 info using npm@10.7.0
2 info using node@v18.20.4
3 silly config:load:file:/usr/local/lib/node_modules/npm/npmrc
4 silly config:load:file:/Users/mathapelomolefe/Downloads/rork-vibesync-458/.npmrc
5 silly config:load:file:/Users/mathapelomolefe/.npmrc
6 silly config:load:file:/usr/local/etc/npmrc
7 verbose title npm install
8 verbose argv "install" "--legacy-peer-deps"
9 verbose logfile logs-max:10 dir:/Users/mathapelomolefe/Downloads/rork-vibesync-458/npm-cache/_logs/2025-10-17T17_54_05_450Z-
10 verbose logfile /Users/mathapelomolefe/Downloads/rork-vibesync-458/npm-cache/_logs/2025-10-17T17_54_05_450Z-debug-0.log
11 silly logfile start cleaning logs, removing 1 files
12 silly logfile done cleaning log files
13 silly idealTree buildDeps
14 silly fetch manifest @expo/webpack-config@^20.0.0
15 http fetch GET 200 https://registry.npmjs.org/@expo%2fwebpack-config 1187ms (cache revalidated)
16 silly placeDep ROOT @expo/webpack-config@ REPLACE for: expo-app@1.0.0 want: ^20.0.0
17 verbose type range
18 verbose stack @expo/webpack-config: No matching version found for @expo/webpack-config@^20.0.0.
18 verbose stack     at module.exports (/usr/local/lib/node_modules/npm/node_modules/npm-pick-manifest/lib/index.js:209:23)
18 verbose stack     at RegistryFetcher.manifest (/usr/local/lib/node_modules/npm/node_modules/pacote/lib/registry.js:131:54)
18 verbose stack     at async #nodeFromEdge (/usr/local/lib/node_modules/npm/node_modules/@npmcli/arborist/lib/arborist/build-ideal-tree.js:1055:19)
18 verbose stack     at async #buildDepStep (/usr/local/lib/node_modules/npm/node_modules/@npmcli/arborist/lib/arborist/build-ideal-tree.js:923:11)
18 verbose stack     at async Arborist.buildIdealTree (/usr/local/lib/node_modules/npm/node_modules/@npmcli/arborist/lib/arborist/build-ideal-tree.js:203:7)
18 verbose stack     at async Promise.all (index 1)
18 verbose stack     at async Arborist.reify (/usr/local/lib/node_modules/npm/node_modules/@npmcli/arborist/lib/arborist/reify.js:131:5)
18 verbose stack     at async Install.exec (/usr/local/lib/node_modules/npm/lib/commands/install.js:150:5)
18 verbose stack     at async module.exports (/usr/local/lib/node_modules/npm/lib/cli/entry.js:74:5)
19 verbose cwd /Users/mathapelomolefe/Downloads/rork-vibesync-458
20 verbose Darwin 24.3.0
21 verbose node v18.20.4
22 verbose npm  v10.7.0
23 error code ETARGET
24 error notarget No matching version found for @expo/webpack-config@^20.0.0.
25 error notarget In most cases you or one of your dependencies are requesting
25 error notarget a package version that doesn't exist.
26 verbose exit 1
27 verbose code 1
28 silly unfinished npm timer reify 1760723645845
29 silly unfinished npm timer reify:loadTrees 1760723645847
30 error A complete log of this run can be found in: /Users/mathapelomolefe/Downloads/rork-vibesync-458/npm-cache/_logs/2025-10-17T17_54_05_450Z-debug-0.log
